#
# A fatal error has been detected by the Java Runtime Environment:
#
#  EXCEPTION_ACCESS_VIOLATION (0xc0000005) at pc=0x00007ff866aebd46, pid=16180, tid=9504
#
# JRE version: Java(TM) SE Runtime Environment (21.0.4+8) (build 21.0.4+8-LTS-274)
# Java VM: Java HotSpot(TM) 64-Bit Server VM (21.0.4+8-LTS-274, mixed mode, sharing, tiered, compressed oops, compressed class ptrs, g1 gc, windows-amd64)
# Problematic frame:
# C  [glass.dll+0x1bd46]
#
# No core dump will be written. Minidumps are not enabled by default on client versions of Windows
#
# If you would like to submit a bug report, please visit:
#   https://bugreport.java.com/bugreport/crash.jsp
# The crash happened outside the Java Virtual Machine in native code.
# See problematic frame for where to report the bug.
#

---------------  S U M M A R Y ------------

Command Line: --module-path=C:\Users\Tamir\IdeaProjects\javafx-sdk-22.0.2\lib --add-modules=javafx.controls,javafx.fxml -javaagent:C:\Program Files\JetBrains\IntelliJ IDEA 2024.1.4\lib\idea_rt.jar=49796:C:\Program Files\JetBrains\IntelliJ IDEA 2024.1.4\bin -Dfile.encoding=UTF-8 -Dsun.stdout.encoding=UTF-8 -Dsun.stderr.encoding=UTF-8 shticell.client.main.ShticellClientMain

Host: 13th Gen Intel(R) Core(TM) i7-13700K, 24 cores, 31G,  Windows 11 , 64 bit Build 22621 (10.0.22621.3958)
Time: Fri Oct 18 17:46:04 2024 Jerusalem Daylight Time elapsed time: 10.927508 seconds (0d 0h 0m 10s)

---------------  T H R E A D  ---------------

Current thread (0x000001bc4e7220a0):  JavaThread "JavaFX Application Thread"        [_thread_in_native, id=9504, stack(0x0000002780700000,0x0000002780800000) (1024K)]

Stack: [0x0000002780700000,0x0000002780800000],  sp=0x00000027807fddb0,  free space=1015k
Native frames: (J=compiled Java code, j=interpreted, Vv=VM code, C=native code)
C  [glass.dll+0x1bd46]

Java frames: (J=compiled Java code, j=interpreted, Vv=VM code)
j  com.sun.glass.ui.win.WinWindow._close(J)Z+0 javafx.graphics@22.0.2
j  com.sun.glass.ui.Window.close()V+63 javafx.graphics@22.0.2
j  com.sun.glass.ui.win.WinWindow.close()V+8 javafx.graphics@22.0.2
j  com.sun.glass.ui.Application.terminate()V+75 javafx.graphics@22.0.2
j  com.sun.javafx.tk.quantum.QuantumToolkit.lambda$exit$14()Ljava/lang/Object;+5 javafx.graphics@22.0.2
j  com.sun.javafx.tk.quantum.QuantumToolkit$$Lambda+0x000001bc533bf228.get()Ljava/lang/Object;+0 javafx.graphics@22.0.2
j  com.sun.javafx.tk.quantum.QuantumToolkit.runWithRenderLock(Ljava/util/function/Supplier;)Ljava/lang/Object;+7 javafx.graphics@22.0.2
j  com.sun.javafx.tk.quantum.QuantumToolkit.exit()V+26 javafx.graphics@22.0.2
j  com.sun.javafx.application.PlatformImpl.lambda$tkExit$16()V+3 javafx.graphics@22.0.2
j  com.sun.javafx.application.PlatformImpl$$Lambda+0x000001bc533bed30.run()V+0 javafx.graphics@22.0.2
j  com.sun.javafx.application.PlatformImpl.lambda$runAndWait$12(Ljava/lang/Runnable;Ljava/util/concurrent/CountDownLatch;)V+1 javafx.graphics@22.0.2
j  com.sun.javafx.application.PlatformImpl$$Lambda+0x000001bc5308d170.run()V+8 javafx.graphics@22.0.2
j  com.sun.javafx.application.PlatformImpl.lambda$runLater$10(Ljava/lang/Runnable;)Ljava/lang/Void;+1 javafx.graphics@22.0.2
j  com.sun.javafx.application.PlatformImpl$$Lambda+0x000001bc5308e3e0.run()Ljava/lang/Object;+4 javafx.graphics@22.0.2
J 1300 c1 java.security.AccessController.doPrivileged(Ljava/security/PrivilegedAction;Ljava/security/AccessControlContext;)Ljava/lang/Object; java.base@21.0.4 (17 bytes) @ 0x000001bc34990274 [0x000001bc34990080+0x00000000000001f4]
j  com.sun.javafx.application.PlatformImpl.lambda$runLater$11(Ljava/lang/Runnable;Ljava/security/AccessControlContext;)V+7 javafx.graphics@22.0.2
j  com.sun.javafx.application.PlatformImpl$$Lambda+0x000001bc5308d970.run()V+8 javafx.graphics@22.0.2
J 5350 c1 com.sun.glass.ui.InvokeLaterDispatcher$Future.run()V javafx.graphics@22.0.2 (91 bytes) @ 0x000001bc3527631c [0x000001bc35276200+0x000000000000011c]
v  ~StubRoutines::call_stub 0x000001bc3bba100d
j  com.sun.glass.ui.win.WinApplication._runLoop(Ljava/lang/Runnable;)V+0 javafx.graphics@22.0.2
j  com.sun.glass.ui.win.WinApplication.lambda$runLoop$3(ILjava/lang/Runnable;)V+8 javafx.graphics@22.0.2
j  com.sun.glass.ui.win.WinApplication$$Lambda+0x000001bc530320f8.run()V+12 javafx.graphics@22.0.2
j  java.lang.Thread.runWith(Ljava/lang/Object;Ljava/lang/Runnable;)V+5 java.base@21.0.4
j  java.lang.Thread.run()V+19 java.base@21.0.4
v  ~StubRoutines::call_stub 0x000001bc3bba100d

siginfo: EXCEPTION_ACCESS_VIOLATION (0xc0000005), reading address 0x0000000000000128


Registers:
RAX=0x0000000000000000, RBX=0x0000000000000000, RCX=0x0000000000000000, RDX=0x0000000000000000
RSP=0x00000027807fddb0, RBP=0x0000000000000401, RSI=0x00000027807fe110, RDI=0x00000027807fe110
R8 =0x00000027807fe110, R9 =0x0000000000000000, R10=0x0000000000000000, R11=0x0000000000000246
R12=0x0000000000000000, R13=0x0000000000000000, R14=0x0000000000000000, R15=0x00000027807fe110
RIP=0x00007ff866aebd46, EFLAGS=0x0000000000010202


Register to memory mapping:

RAX=0x0 is null
RBX=0x0 is null
RCX=0x0 is null
RDX=0x0 is null
RSP=0x00000027807fddb0 is pointing into the stack for thread: 0x000001bc4e7220a0
RBP=0x0000000000000401 is an unknown value
RSI=0x00000027807fe110 is pointing into the stack for thread: 0x000001bc4e7220a0
RDI=0x00000027807fe110 is pointing into the stack for thread: 0x000001bc4e7220a0
R8 =0x00000027807fe110 is pointing into the stack for thread: 0x000001bc4e7220a0
R9 =0x0 is null
R10=0x0 is null
R11=0x0000000000000246 is an unknown value
R12=0x0 is null
R13=0x0 is null
R14=0x0 is null
R15=0x00000027807fe110 is pointing into the stack for thread: 0x000001bc4e7220a0

Top of Stack: (sp=0x00000027807fddb0)
0x00000027807fddb0:   0000000000000578 00000027807fddc0
0x00000027807fddc0:   0000000000180016 00007ff866af95d0
0x00000027807fddd0:   00000027807fe110 00007ff866aeaaf1
0x00000027807fdde0:   0000000000000401 000001bc9744a260
0x00000027807fddf0:   00000027807fe110 000001bc2a6f2770
0x00000027807fde00:   0000000000000000 00007ff866ada698
0x00000027807fde10:   000001bc9744a260 0000000000000101
0x00000027807fde20:   00007ffff35fc0e4 0000002b00000000
0x00000027807fde30:   0000000000000000 00007ff866ad177f
0x00000027807fde40:   000001bc9744a260 0000000000000401
0x00000027807fde50:   000001bc9744a28c 00000000007000a2
0x00000027807fde60:   0000000000000000 0000000000000401
0x00000027807fde70:   0000000000000001 00007ff8a33e83f1
0x00000027807fde80:   0000000000000000 00000027807fe048
0x00000027807fde90:   0000000080000022 0000000080000022
0x00000027807fdea0:   0000edd098d0f1c2 00007ffff3690065
0x00000027807fdeb0:   000001bc4e7220a0 0000000000000004
0x00000027807fdec0:   000001bc00000000 0000000000000000
0x00000027807fded0:   0000000100000000 000001bc80000022
0x00000027807fdee0:   000001bc00000000 0000000000000000
0x00000027807fdef0:   0000000000000000 000001bc4e744fb0
0x00000027807fdf00:   0000000000000065 0000000000000001
0x00000027807fdf10:   0000000000000001 000001bc4e7220a0
0x00000027807fdf20:   00007ffff35f93d0 0000002b00000000
0x00000027807fdf30:   0000000000000000 0000000000000000
0x00000027807fdf40:   0000000000000000 0000000000000000
0x00000027807fdf50:   00000027807fdf69 000000000000002b
0x00000027807fdf60:   0000000000000048 6f635f6100000001
0x00000027807fdf70:   0000000000000000 0000000000000000
0x00000027807fdf80:   0000000000000030 ffffffffffffffff
0x00000027807fdf90:   ffffffffffffffff 00007ff8a33e8247
0x00000027807fdfa0:   0000000000000000 000001bc9350466f 

Instructions: (pc=0x00007ff866aebd46)
0x00007ff866aebc46:   a8 00 00 00 41 5e 41 5d 41 5c 5e 5d 5b c3 cc cc
0x00007ff866aebc56:   cc cc cc cc cc cc cc cc cc cc b0 01 c3 cc cc cc
0x00007ff866aebc66:   cc cc cc cc cc cc cc cc cc cc 48 89 5c 24 08 57
0x00007ff866aebc76:   48 83 ec 30 48 8b fa 48 8b d9 48 39 91 28 01 00
0x00007ff866aebc86:   00 0f 84 a5 00 00 00 e8 ae 00 00 00 48 8b 93 28
0x00007ff866aebc96:   01 00 00 48 85 d2 75 04 48 8b 53 08 48 89 54 24
0x00007ff866aebca6:   20 4c 8b c7 48 85 ff 75 04 4c 8b 43 08 48 8d 0d
0x00007ff866aebcb6:   a6 03 01 00 4c 89 44 24 28 e8 7c 79 fe ff 48 8b
0x00007ff866aebcc6:   4c 24 20 4c 8d 44 24 20 48 8d 15 8b f9 ff ff ff
0x00007ff866aebcd6:   15 9d 09 02 00 48 8b 05 2e 0d 02 00 48 85 c0 75
0x00007ff866aebce6:   04 33 c9 eb 03 8b 48 48 4c 8d 44 24 20 48 8d 15
0x00007ff866aebcf6:   a6 f9 ff ff ff 15 80 09 02 00 48 89 bb 28 01 00
0x00007ff866aebd06:   00 e8 04 56 00 00 4c 8b 05 ad 10 02 00 48 8b c8
0x00007ff866aebd16:   48 8b 93 c8 00 00 00 4c 8b cf e8 db 95 fe ff e8
0x00007ff866aebd26:   e6 55 00 00 48 8b c8 e8 fe 54 00 00 48 8b 5c 24
0x00007ff866aebd36:   40 48 83 c4 30 5f c3 cc cc cc 40 57 48 83 ec 20
0x00007ff866aebd46:   48 8b 81 28 01 00 00 48 8b f9 48 85 c0 75 04 48
0x00007ff866aebd56:   8b 41 08 48 3b 05 a0 0f 02 00 75 3b 48 89 5c 24
0x00007ff866aebd66:   30 e8 a4 55 00 00 4c 8b 05 3d 10 02 00 48 8b c8
0x00007ff866aebd76:   48 8b 97 c8 00 00 00 48 8b d8 e8 7b 95 fe ff 48
0x00007ff866aebd86:   8b cb e8 a3 54 00 00 48 8b 5c 24 30 48 c7 05 63
0x00007ff866aebd96:   0f 02 00 00 00 00 00 48 83 c4 20 5f c3 cc cc cc
0x00007ff866aebda6:   cc cc cc cc cc cc cc cc cc cc 40 53 48 83 ec 50
0x00007ff866aebdb6:   48 8b 05 0b e4 01 00 48 33 c4 48 89 44 24 40 48
0x00007ff866aebdc6:   8b d9 48 8b 49 08 ff 15 26 08 02 00 85 c0 0f 85
0x00007ff866aebdd6:   1b 01 00 00 48 8b 4b 08 48 8d 54 24 30 ff 15 7f
0x00007ff866aebde6:   06 02 00 48 8b 4b 08 48 8d 54 24 20 ff 15 d8 06
0x00007ff866aebdf6:   02 00 48 8b 4b 08 4c 8d 44 24 20 41 b9 02 00 00
0x00007ff866aebe06:   00 33 d2 ff 15 c9 06 02 00 8b 44 24 24 2b 44 24
0x00007ff866aebe16:   34 8b 4c 24 20 2b 4c 24 30 8b 54 24 3c 2b 54 24
0x00007ff866aebe26:   2c 44 8b 44 24 38 44 2b 44 24 28 89 83 14 01 00
0x00007ff866aebe36:   00 89 8b 10 01 00 00 89 93 1c 01 00 00 44 89 83 


Stack slot to memory mapping:

stack at sp + 0 slots: 0x0000000000000578 is an unknown value
stack at sp + 1 slots: 0x00000027807fddc0 is pointing into the stack for thread: 0x000001bc4e7220a0
stack at sp + 2 slots: 0x0000000000180016 is an unknown value
stack at sp + 3 slots: 0x00007ff866af95d0 glass.dll
stack at sp + 4 slots: 0x00000027807fe110 is pointing into the stack for thread: 0x000001bc4e7220a0
stack at sp + 5 slots: 0x00007ff866aeaaf1 glass.dll
stack at sp + 6 slots: 0x0000000000000401 is an unknown value
stack at sp + 7 slots: 0x000001bc9744a260 points into unknown readable memory: 0x00007ff866afa838 | 38 a8 af 66 f8 7f 00 00


Compiled method (c1)   10960 1300       3       java.security.AccessController::doPrivileged (17 bytes)
 total in heap  [0x000001bc3498fe90,0x000001bc349905e8] = 1880
 relocation     [0x000001bc3498ffe8,0x000001bc34990078] = 144
 main code      [0x000001bc34990080,0x000001bc349903e0] = 864
 stub code      [0x000001bc349903e0,0x000001bc34990458] = 120
 metadata       [0x000001bc34990458,0x000001bc34990470] = 24
 scopes data    [0x000001bc34990470,0x000001bc34990520] = 176
 scopes pcs     [0x000001bc34990520,0x000001bc349905d0] = 176
 dependencies   [0x000001bc349905d0,0x000001bc349905d8] = 8
 nul chk table  [0x000001bc349905d8,0x000001bc349905e8] = 16

[Constant Pool (empty)]

[MachCode]
[Verified Entry Point]
  # {method} {0x000001bc52478730} 'doPrivileged' '(Ljava/security/PrivilegedAction;Ljava/security/AccessControlContext;)Ljava/lang/Object;' in 'java/security/AccessController'
  # parm0:    rdx:rdx   = 'java/security/PrivilegedAction'
  # parm1:    r8:r8     = 'java/security/AccessControlContext'
  #           [sp+0x80]  (sp of caller)
  0x000001bc34990080: 8984 2400 | 80ff ff55 | 4883 ec70 | 4181 7f20 | 0300 0000 

  0x000001bc34990094: ;   {runtime_call StubRoutines (final stubs)}
  0x000001bc34990094: 7405 e8c5 

  0x000001bc34990098: ;   {metadata(method data for {method} {0x000001bc52478730} 'doPrivileged' '(Ljava/security/PrivilegedAction;Ljava/security/AccessControlContext;)Ljava/lang/Object;' in 'java/security/AccessController')}
  0x000001bc34990098: 4c24 0748 | be98 7620 | 93bc 0100 | 008b becc | 0000 0083 | c702 89be | cc00 0000 | 81e7 fe07 
  0x000001bc349900b8: 0000 85ff | 0f84 5402 | 0000 4c89 | 4424 4048 | 8954 2448 

  0x000001bc349900cc: ;   {metadata(method data for {method} {0x000001bc52478730} 'doPrivileged' '(Ljava/security/PrivilegedAction;Ljava/security/AccessControlContext;)Ljava/lang/Object;' in 'java/security/AccessController')}
  0x000001bc349900cc: 48be 9876 | 2093 bc01 | 0000 4883 | 8610 0100 

  0x000001bc349900dc: ;   {static_call}
  0x000001bc349900dc: 0001 90e8 

  0x000001bc349900e0: ; ImmutableOopMap {[64]=Oop [72]=Oop }
                      ;*invokestatic getCallerClass {reexecute=0 rethrow=0 return_oop=0}
                      ; - java.security.AccessController::doPrivileged@0 (line 398)
  0x000001bc349900e0: 5c4f 9a07 

  0x000001bc349900e4: ;   {other}
  0x000001bc349900e4: 0f1f 8400 | 5402 0000 

  0x000001bc349900ec: ;   {metadata(method data for {method} {0x000001bc52478730} 'doPrivileged' '(Ljava/security/PrivilegedAction;Ljava/security/AccessControlContext;)Ljava/lang/Object;' in 'java/security/AccessController')}
  0x000001bc349900ec: 48ba 9876 | 2093 bc01 | 0000 4883 | 8220 0100 | 0001 488b | 5424 404c | 8bc0 4889 | 4424 500f 
  0x000001bc3499010c: ;   {static_call}
  0x000001bc3499010c: 1f40 00e8 

  0x000001bc34990110: ; ImmutableOopMap {[72]=Oop [80]=Oop }
                      ;*invokestatic checkContext {reexecute=0 rethrow=0 return_oop=0}
                      ; - java.security.AccessController::doPrivileged@6 (line 399)
  0x000001bc34990110: 2c19 ffff 

  0x000001bc34990114: ;   {other}
  0x000001bc34990114: 0f1f 8400 | 8402 0001 | 4889 4424 

  0x000001bc34990120: ;   {metadata(method data for {method} {0x000001bc52478730} 'doPrivileged' '(Ljava/security/PrivilegedAction;Ljava/security/AccessControlContext;)Ljava/lang/Object;' in 'java/security/AccessController')}
  0x000001bc34990120: 5848 ba98 | 7620 93bc | 0100 0048 | 8382 3001 

  0x000001bc34990130: ;   {metadata(method data for {method} {0x000001bc524789b8} 'executePrivileged' '(Ljava/security/PrivilegedAction;Ljava/security/AccessControlContext;Ljava/lang/Class;)Ljava/lang/Object;' in 'java/security/AccessController')}
  0x000001bc34990130: 0000 0148 | bad8 4c04 | 93bc 0100 | 008b b2cc | 0000 0083 | c602 89b2 | cc00 0000 | 81e6 feff 
  0x000001bc34990150: 1f00 85f6 | 0f84 dd01 | 0000 4885 

  0x000001bc3499015c: ;   {metadata(method data for {method} {0x000001bc524789b8} 'executePrivileged' '(Ljava/security/PrivilegedAction;Ljava/security/AccessControlContext;Ljava/lang/Class;)Ljava/lang/Object;' in 'java/security/AccessController')}
  0x000001bc3499015c: c048 bad8 | 4c04 93bc | 0100 0048 | be10 0100 | 0000 0000 | 0074 0a48 | be20 0100 | 0000 0000 
  0x000001bc3499017c: 0048 8b3c | 3248 8d7f | 0148 893c | 320f 8425 

  0x000001bc3499018c: ;   {metadata(method data for {method} {0x000001bc524789b8} 'executePrivileged' '(Ljava/security/PrivilegedAction;Ljava/security/AccessControlContext;Ljava/lang/Class;)Ljava/lang/Object;' in 'java/security/AccessController')}
  0x000001bc3499018c: 0000 0048 | bad8 4c04 | 93bc 0100 | 0048 8382 | 3001 0000 | 0148 8bd0 

  0x000001bc349901a4: ;   {static_call}
  0x000001bc349901a4: 6666 90e8 

  0x000001bc349901a8: ; ImmutableOopMap {[72]=Oop [80]=Oop [88]=Oop }
                      ;*invokestatic ensureMaterializedForStackWalk {reexecute=0 rethrow=0 return_oop=0}
                      ; - java.security.AccessController::executePrivileged@5 (line 774)
                      ; - java.security.AccessController::doPrivileged@13 (line 400)
  0x000001bc349901a8: 1496 9d07 

  0x000001bc349901ac: ;   {other}
  0x000001bc349901ac: 0f1f 8400 | 1c03 0002 

  0x000001bc349901b4: ;   {metadata(method data for {method} {0x000001bc524789b8} 'executePrivileged' '(Ljava/security/PrivilegedAction;Ljava/security/AccessControlContext;Ljava/lang/Class;)Ljava/lang/Object;' in 'java/security/AccessController')}
  0x000001bc349901b4: 48ba d84c | 0493 bc01 | 0000 ff82 | 4001 0000 | 488b 5424 | 4848 3b02 

  0x000001bc349901cc: ;   {metadata(method data for {method} {0x000001bc524789b8} 'executePrivileged' '(Ljava/security/PrivilegedAction;Ljava/security/AccessControlContext;Ljava/lang/Class;)Ljava/lang/Object;' in 'java/security/AccessController')}
  0x000001bc349901cc: 488b f248 | bfd8 4c04 | 93bc 0100 | 008b 7608 | 49ba 0000 | 0052 bc01 | 0000 4903 | f248 3bb7 
  0x000001bc349901ec: b001 0000 | 750d 4883 | 87b8 0100 | 0001 e960 | 0000 0048 | 3bb7 c001 | 0000 750d | 4883 87c8 
  0x000001bc3499020c: 0100 0001 | e94a 0000 | 0048 83bf | b001 0000 | 0075 1748 | 89b7 b001 | 0000 48c7 | 87b8 0100 
  0x000001bc3499022c: 0001 0000 | 00e9 2900 | 0000 4883 | bfc0 0100 | 0000 7517 | 4889 b7c0 | 0100 0048 | c787 c801 
  0x000001bc3499024c: 0000 0100 | 0000 e908 | 0000 0048 | 8387 a001 | 0000 0166 | 0f1f 4400 | 0048 b8e0 | 356f a1bc 
  0x000001bc3499026c: ;   {virtual_call}
  0x000001bc3499026c: 0100 00e8 

  0x000001bc34990270: ; ImmutableOopMap {[80]=Oop [88]=Oop }
                      ;*invokeinterface run {reexecute=0 rethrow=0 return_oop=0}
                      ; - java.security.AccessController::executePrivileged@29 (line 778)
                      ; - java.security.AccessController::doPrivileged@13 (line 400)
  0x000001bc34990270: 9cd3 3207 

  0x000001bc34990274: ;   {other}
  0x000001bc34990274: 0f1f 8400 | e403 0003 

  0x000001bc3499027c: ;   {metadata(method data for {method} {0x000001bc524789b8} 'executePrivileged' '(Ljava/security/PrivilegedAction;Ljava/security/AccessControlContext;Ljava/lang/Class;)Ljava/lang/Object;' in 'java/security/AccessController')}
  0x000001bc3499027c: 48be d84c | 0493 bc01 | 0000 ff86 | d801 0000 | 488b 7424 

  0x000001bc34990290: ;   {metadata(method data for {method} {0x000001bc524789b8} 'executePrivileged' '(Ljava/security/PrivilegedAction;Ljava/security/AccessControlContext;Ljava/lang/Class;)Ljava/lang/Object;' in 'java/security/AccessController')}
  0x000001bc34990290: 5048 bfd8 | 4c04 93bc | 0100 0048 | 8387 3802 

  0x000001bc349902a0: ;   {metadata(method data for {method} {0x000001bc5203d490} 'reachabilityFence' '(Ljava/lang/Object;)V' in 'java/lang/ref/Reference')}
  0x000001bc349902a0: 0000 0148 | bf80 4f04 | 93bc 0100 | 008b 9fcc | 0000 0083 | c302 899f | cc00 0000 | 81e3 feff 
  0x000001bc349902c0: 1f00 85db | 0f84 9300 

  0x000001bc349902c8: ;   {metadata(method data for {method} {0x000001bc524789b8} 'executePrivileged' '(Ljava/security/PrivilegedAction;Ljava/security/AccessControlContext;Ljava/lang/Class;)Ljava/lang/Object;' in 'java/security/AccessController')}
  0x000001bc349902c8: 0000 48be | d84c 0493 | bc01 0000 | 4883 8648 | 0200 0001 

  0x000001bc349902dc: ;   {metadata(method data for {method} {0x000001bc5203d490} 'reachabilityFence' '(Ljava/lang/Object;)V' in 'java/lang/ref/Reference')}
  0x000001bc349902dc: 48be 804f | 0493 bc01 | 0000 8bbe | cc00 0000 | 83c7 0289 | becc 0000 | 0081 e7fe | ff1f 0085 
  0x000001bc349902fc: ff0f 847b | 0000 0048 | 83c4 705d 

  0x000001bc34990308: ;   {poll_return}
  0x000001bc34990308: 493b a750 | 0400 000f | 878a 0000 

  0x000001bc34990314: ;   {metadata({method} {0x000001bc52478730} 'doPrivileged' '(Ljava/security/PrivilegedAction;Ljava/security/AccessControlContext;)Ljava/lang/Object;' in 'java/security/AccessController')}
  0x000001bc34990314: 00c3 49ba | 2887 4752 | bc01 0000 | 4c89 5424 | 0848 c704 | 24ff ffff 

  0x000001bc3499032c: ;   {runtime_call counter_overflow Runtime1 stub}
  0x000001bc3499032c: ffe8 ce88 

  0x000001bc34990330: ; ImmutableOopMap {rdx=Oop r8=Oop }
                      ;*synchronization entry
                      ; - java.security.AccessController::doPrivileged@-1 (line 398)
  0x000001bc34990330: 3207 e98b 

  0x000001bc34990334: ;   {metadata({method} {0x000001bc524789b8} 'executePrivileged' '(Ljava/security/PrivilegedAction;Ljava/security/AccessControlContext;Ljava/lang/Class;)Ljava/lang/Object;' in 'java/security/AccessController')}
  0x000001bc34990334: fdff ff49 | bab0 8947 | 52bc 0100 | 004c 8954 | 2408 48c7 | 0424 ffff 

  0x000001bc3499034c: ;   {runtime_call counter_overflow Runtime1 stub}
  0x000001bc3499034c: ffff e8ad 

  0x000001bc34990350: ; ImmutableOopMap {rax=Oop [72]=Oop [80]=Oop [88]=Oop }
                      ;*synchronization entry
                      ; - java.security.AccessController::executePrivileged@-1 (line 773)
                      ; - java.security.AccessController::doPrivileged@13 (line 400)
  0x000001bc34990350: 8832 07e9 | 02fe ffff 

  0x000001bc34990358: ;   {runtime_call throw_null_pointer_exception Runtime1 stub}
  0x000001bc34990358: e8a3 3232 

  0x000001bc3499035c: ; ImmutableOopMap {rdx=Oop [80]=Oop [88]=Oop }
                      ;*invokeinterface run {reexecute=0 rethrow=0 return_oop=0}
                      ; - java.security.AccessController::executePrivileged@29 (line 778)
                      ; - java.security.AccessController::doPrivileged@13 (line 400)
                      ;   {metadata({method} {0x000001bc5203d490} 'reachabilityFence' '(Ljava/lang/Object;)V' in 'java/lang/ref/Reference')}
  0x000001bc3499035c: 0749 ba88 | d403 52bc | 0100 004c | 8954 2408 | 48c7 0424 | ffff ffff 

  0x000001bc34990374: ;   {runtime_call counter_overflow Runtime1 stub}
  0x000001bc34990374: e887 8832 

  0x000001bc34990378: ; ImmutableOopMap {rax=Oop rsi=Oop }
                      ;*synchronization entry
                      ; - java.lang.ref.Reference::reachabilityFence@-1 (line 628)
                      ; - java.security.AccessController::executePrivileged@56 (line 783)
                      ; - java.security.AccessController::doPrivileged@13 (line 400)
  0x000001bc34990378: 07e9 4cff 

  0x000001bc3499037c: ;   {metadata({method} {0x000001bc5203d490} 'reachabilityFence' '(Ljava/lang/Object;)V' in 'java/lang/ref/Reference')}
  0x000001bc3499037c: ffff 49ba | 88d4 0352 | bc01 0000 | 4c89 5424 | 0848 c704 | 24ff ffff 

  0x000001bc34990394: ;   {runtime_call counter_overflow Runtime1 stub}
  0x000001bc34990394: ffe8 6688 

  0x000001bc34990398: ; ImmutableOopMap {rax=Oop }
                      ;*synchronization entry
                      ; - java.lang.ref.Reference::reachabilityFence@-1 (line 628)
                      ; - java.security.AccessController::executePrivileged@60 (line 784)
                      ; - java.security.AccessController::doPrivileged@13 (line 400)
  0x000001bc34990398: 3207 e964 

  0x000001bc3499039c: ;   {internal_word}
  0x000001bc3499039c: ffff ff49 | ba08 0399 | 34bc 0100 | 004d 8997 | 6804 0000 

  0x000001bc349903b0: ;   {runtime_call SafepointBlob}
  0x000001bc349903b0: e94b 5326 | 0749 8b87 | 0005 0000 | 49c7 8700 | 0500 0000 | 0000 0049 | c787 0805 | 0000 0000 
  0x000001bc349903d0: 0000 4883 

  0x000001bc349903d4: ;   {runtime_call unwind_exception Runtime1 stub}
  0x000001bc349903d4: c470 5de9 | 2419 3207 | f4f4 f4f4 
[Stub Code]
  0x000001bc349903e0: ;   {no_reloc}
  0x000001bc349903e0: 0f1f 4400 

  0x000001bc349903e4: ;   {static_stub}
  0x000001bc349903e4: 0048 bb00 | 0000 0000 

  0x000001bc349903ec: ;   {runtime_call}
  0x000001bc349903ec: 0000 00e9 | fbff ffff 

  0x000001bc349903f4: ;   {static_stub}
  0x000001bc349903f4: 48bb 0000 | 0000 0000 

  0x000001bc349903fc: ;   {runtime_call}
  0x000001bc349903fc: 0000 e9fb 

  0x000001bc34990400: ;   {static_stub}
  0x000001bc34990400: ffff ff48 | bb00 0000 | 0000 0000 

  0x000001bc3499040c: ;   {runtime_call}
  0x000001bc3499040c: 00e9 fbff 

  0x000001bc34990410: ;   {static_stub}
  0x000001bc34990410: ffff 48bb | 0000 0000 | 0000 0000 

  0x000001bc3499041c: ;   {runtime_call}
  0x000001bc3499041c: e9fb ffff 

  0x000001bc34990420: ;   {runtime_call handle_exception_from_callee Runtime1 stub}
  0x000001bc34990420: ffe8 da54 

  0x000001bc34990424: ;   {external_word}
  0x000001bc34990424: 3207 48b9 | d0f7 60f3 | ff7f 0000 | 4883 e4f0 

  0x000001bc34990434: ;   {runtime_call}
  0x000001bc34990434: 48b8 a012 | 29f3 ff7f | 0000 ffd0 

  0x000001bc34990440: ;   {section_word}
  0x000001bc34990440: f449 ba41 | 0499 34bc | 0100 0041 

  0x000001bc3499044c: ;   {runtime_call DeoptimizationBlob}
  0x000001bc3499044c: 52e9 4e45 | 2607 f4f4 | f4f4 f4f4 
[/MachCode]


Compiled method (c1)   10965 5350   !   3       com.sun.glass.ui.InvokeLaterDispatcher$Future::run (91 bytes)
 total in heap  [0x000001bc35276010,0x000001bc352769e0] = 2512
 relocation     [0x000001bc35276168,0x000001bc352761e8] = 128
 main code      [0x000001bc35276200,0x000001bc35276698] = 1176
 stub code      [0x000001bc35276698,0x000001bc352766f0] = 88
 oops           [0x000001bc352766f0,0x000001bc352766f8] = 8
 metadata       [0x000001bc352766f8,0x000001bc35276700] = 8
 scopes data    [0x000001bc35276700,0x000001bc352767b8] = 184
 scopes pcs     [0x000001bc352767b8,0x000001bc352768c8] = 272
 dependencies   [0x000001bc352768c8,0x000001bc352768d0] = 8
 handler table  [0x000001bc352768d0,0x000001bc35276990] = 192
 nul chk table  [0x000001bc35276990,0x000001bc352769e0] = 80

[Constant Pool (empty)]

[MachCode]
[Entry Point]
  # {method} {0x000001bc935dbf38} 'run' '()V' in 'com/sun/glass/ui/InvokeLaterDispatcher$Future'
  #           [sp+0x60]  (sp of caller)
  0x000001bc35276200: 448b 5208 | 49bb 0000 | 0052 bc01 | 0000 4d03 | d34c 3bd0 

  0x000001bc35276214: ;   {runtime_call ic_miss_stub}
  0x000001bc35276214: 0f85 6685 | 9706 660f | 1f44 0000 
[Verified Entry Point]
  0x000001bc35276220: 8984 2400 | 80ff ff55 | 4883 ec50 | 4181 7f20 | 0300 0000 

  0x000001bc35276234: ;   {runtime_call StubRoutines (final stubs)}
  0x000001bc35276234: 7405 e825 

  0x000001bc35276238: ;   {metadata(method data for {method} {0x000001bc935dbf38} 'run' '()V' in 'com/sun/glass/ui/InvokeLaterDispatcher$Future')}
  0x000001bc35276238: eb95 0648 | bef8 7b7c | 94bc 0100 | 008b becc | 0000 0083 | c702 89be | cc00 0000 | 81e7 fe07 
  0x000001bc35276258: 0000 85ff | 0f84 2d03 | 0000 8b72 | 1048 c1e6 | 0348 3b06 

  0x000001bc3527626c: ;   {metadata(method data for {method} {0x000001bc935dbf38} 'run' '()V' in 'com/sun/glass/ui/InvokeLaterDispatcher$Future')}
  0x000001bc3527626c: 488b fe48 | bbf8 7b7c | 94bc 0100 | 008b 7f08 | 49ba 0000 | 0052 bc01 | 0000 4903 | fa48 3bbb 
  0x000001bc3527628c: 2001 0000 | 750d 4883 | 8328 0100 | 0001 e960 | 0000 0048 | 3bbb 3001 | 0000 750d | 4883 8338 
  0x000001bc352762ac: 0100 0001 | e94a 0000 | 0048 83bb | 2001 0000 | 0075 1748 | 89bb 2001 | 0000 48c7 | 8328 0100 
  0x000001bc352762cc: 0001 0000 | 00e9 2900 | 0000 4883 | bb30 0100 | 0000 7517 | 4889 bb30 | 0100 0048 | c783 3801 
  0x000001bc352762ec: 0000 0100 | 0000 e908 | 0000 0048 | 8383 1001 | 0000 0148 | 8954 2418 | 488b d666 | 0f1f 4400 
  0x000001bc3527630c: 0048 b820 | a5d7 a1bc 

  0x000001bc35276314: ;   {virtual_call}
  0x000001bc35276314: 0100 00e8 

  0x000001bc35276318: ; ImmutableOopMap {[24]=Oop }
                      ;*invokeinterface run {reexecute=0 rethrow=0 return_oop=0}
                      ; - com.sun.glass.ui.InvokeLaterDispatcher$Future::run@4 (line 95)
  0x000001bc35276318: f472 a406 

  0x000001bc3527631c: ;   {other}
  0x000001bc3527631c: 0f1f 8400 | 0c03 0000 | 488b 5424 | 188b 4214 | 48c1 e003 

  0x000001bc35276330: ; implicit exception: dispatches to 0x000001bc352765b5
  0x000001bc35276330: 8b70 7c48 | c1e6 0348 | 8d7c 2438 | 4889 7708 

  0x000001bc35276340: ; implicit exception: dispatches to 0x000001bc352765ba
  0x000001bc35276340: 488b 0648 | 83c8 0148 | 8907 f048 | 0fb1 3e0f | 8412 0000 | 0048 2bc4 | 4825 07f0 | ffff 4889 
  0x000001bc35276360: 070f 8558 | 0200 0049 | ff87 5005 | 0000 4889 | 7424 20c6 | 420c 018b | 5214 48c1 | e203 8b52 
  0x000001bc35276380: 7c48 c1e2 | 0348 3b02 

  0x000001bc35276388: ;   {metadata(method data for {method} {0x000001bc935dbf38} 'run' '()V' in 'com/sun/glass/ui/InvokeLaterDispatcher$Future')}
  0x000001bc35276388: 488b fa48 | bbf8 7b7c | 94bc 0100 | 0048 8383 | 4801 0000 

  0x000001bc3527639c: ;   {optimized virtual_call}
  0x000001bc3527639c: 0166 90e8 

  0x000001bc352763a0: ; ImmutableOopMap {[32]=Oop [64]=Oop }
                      ;*invokevirtual notifyAll {reexecute=0 rethrow=0 return_oop=0}
                      ; - com.sun.glass.ui.InvokeLaterDispatcher$Future::run@31 (line 99)
  0x000001bc352763a0: 9c4f 1707 

  0x000001bc352763a4: ;   {other}
  0x000001bc352763a4: 0f1f 8400 | 9403 0001 | 488d 4424 | 3848 8b10 | 4885 d20f | 840f 0000 | 0048 8b70 | 08f0 480f 
  0x000001bc352763c4: b116 0f85 | 1002 0000 | 49ff 8f50 

  0x000001bc352763d0: ;   {metadata(method data for {method} {0x000001bc935dbf38} 'run' '()V' in 'com/sun/glass/ui/InvokeLaterDispatcher$Future')}
  0x000001bc352763d0: 0500 0048 | b8f8 7b7c | 94bc 0100 | 00ff 8080 | 0100 00e9 | d000 0000 | 498b 8700 | 0500 004d 
  0x000001bc352763f0: 33d2 4d89 | 9700 0500 | 004d 33d2 | 4d89 9708 | 0500 008b | 7214 48c1 | e603 8b76 | 7c48 c1e6 
  0x000001bc35276410: 0348 8d7c | 2438 4889 | 4424 2848 | 8977 0848 | 8b06 4883 | c801 4889 | 07f0 480f | b13e 0f84 
  0x000001bc35276430: 1200 0000 | 482b c448 | 2507 f0ff | ff48 8907 | 0f85 b301 | 0000 49ff | 8750 0500 | 0048 8974 
  0x000001bc35276450: 2430 c642 | 0c01 8b52 | 1448 c1e2 | 038b 527c | 48c1 e203 

  0x000001bc35276464: ; implicit exception: dispatches to 0x000001bc35276611
  0x000001bc35276464: 483b 0248 

  0x000001bc35276468: ;   {metadata(method data for {method} {0x000001bc935dbf38} 'run' '()V' in 'com/sun/glass/ui/InvokeLaterDispatcher$Future')}
  0x000001bc35276468: 8bfa 48bb | f87b 7c94 | bc01 0000 | 4883 83b0 | 0100 0001 

  0x000001bc3527647c: ;   {optimized virtual_call}
  0x000001bc3527647c: 6666 90e8 

  0x000001bc35276480: ; ImmutableOopMap {[40]=Oop [48]=Oop [64]=Oop }
                      ;*invokevirtual notifyAll {reexecute=0 rethrow=0 return_oop=0}
                      ; - com.sun.glass.ui.InvokeLaterDispatcher$Future::run@71 (line 99)
  0x000001bc35276480: fc85 9706 

  0x000001bc35276484: ;   {other}
  0x000001bc35276484: 0f1f 8400 | 7404 0002 | 488d 4424 | 3848 8b30 | 4885 f60f | 840f 0000 | 0048 8b78 | 08f0 480f 
  0x000001bc352764a4: b137 0f85 | 6a01 0000 | 49ff 8f50 | 0500 00e9 | 2300 0000 

  0x000001bc352764b8: ;   {metadata(method data for {method} {0x000001bc935dbf38} 'run' '()V' in 'com/sun/glass/ui/InvokeLaterDispatcher$Future')}
  0x000001bc352764b8: 48b8 f87b | 7c94 bc01 | 0000 ff80 | 9801 0000 | 4883 c450 

  0x000001bc352764cc: ;   {poll_return}
  0x000001bc352764cc: 5d49 3ba7 | 5004 0000 | 0f87 4f01 

  0x000001bc352764d8: ;   {metadata(method data for {method} {0x000001bc935dbf38} 'run' '()V' in 'com/sun/glass/ui/InvokeLaterDispatcher$Future')}
  0x000001bc352764d8: 0000 c348 | b8f8 7b7c | 94bc 0100 | 00ff 80e8 | 0100 0048 | 8b44 2428 | e997 0100 | 0049 8b87 
  0x000001bc352764f8: 0005 0000 | 4d33 d24d | 8997 0005 | 0000 4d33 | d24d 8997 | 0805 0000 | 488b f048 | 8d44 2438 
  0x000001bc35276518: 488b 3848 | 85ff 0f84 | 0f00 0000 | 488b 5808 | f048 0fb1 | 3b0f 850c | 0100 0049 | ff8f 5005 
  0x000001bc35276538: 0000 488b | c6e9 4a01 | 0000 498b | 8700 0500 | 004d 33d2 | 4d89 9700 | 0500 004d | 33d2 4d89 
  0x000001bc35276558: 9708 0500 | 0048 8bf0 | 488d 4424 | 3848 8b38 | 4885 ff0f | 840f 0000 | 0048 8b58 | 08f0 480f 
  0x000001bc35276578: b13b 0f85 | d200 0000 | 49ff 8f50 | 0500 0048 | 8bc6 e9fd 

  0x000001bc3527658c: ;   {metadata({method} {0x000001bc935dbf38} 'run' '()V' in 'com/sun/glass/ui/InvokeLaterDispatcher$Future')}
  0x000001bc3527658c: 0000 0049 | ba30 bf5d | 93bc 0100 | 004c 8954 | 2408 48c7 | 0424 ffff 

  0x000001bc352765a4: ;   {runtime_call counter_overflow Runtime1 stub}
  0x000001bc352765a4: ffff e855 

  0x000001bc352765a8: ; ImmutableOopMap {rdx=Oop }
                      ;*synchronization entry
                      ; - com.sun.glass.ui.InvokeLaterDispatcher$Future::run@-1 (line 95)
  0x000001bc352765a8: 26a4 06e9 | b2fc ffff 

  0x000001bc352765b0: ;   {runtime_call throw_null_pointer_exception Runtime1 stub}
  0x000001bc352765b0: e84b d0a3 

  0x000001bc352765b4: ; ImmutableOopMap {rdx=Oop rsi=Oop }
                      ;*invokeinterface run {reexecute=0 rethrow=0 return_oop=0}
                      ; - com.sun.glass.ui.InvokeLaterDispatcher$Future::run@4 (line 95)
                      ;   {runtime_call throw_null_pointer_exception Runtime1 stub}
  0x000001bc352765b4: 06e8 46d0 

  0x000001bc352765b8: ; ImmutableOopMap {rdx=Oop }
                      ;*getfield LOCK {reexecute=1 rethrow=0 return_oop=0}
                      ; - (reexecute) com.sun.glass.ui.InvokeLaterDispatcher$Future::run@13 (line 97)
                      ;   {runtime_call throw_null_pointer_exception Runtime1 stub}
  0x000001bc352765b8: a306 e841 

  0x000001bc352765bc: ; ImmutableOopMap {rdx=Oop rsi=Oop }
                      ;*monitorenter {reexecute=0 rethrow=0 return_oop=0}
                      ; - com.sun.glass.ui.InvokeLaterDispatcher$Future::run@18 (line 97)
  0x000001bc352765bc: d0a3 0648 | 8974 2408 | 4889 3c24 

  0x000001bc352765c8: ;   {runtime_call monitorenter_nofpu Runtime1 stub}
  0x000001bc352765c8: e833 05a4 

  0x000001bc352765cc: ; ImmutableOopMap {rdx=Oop rsi=Oop [64]=Oop }
                      ;*monitorenter {reexecute=0 rethrow=0 return_oop=0}
                      ; - com.sun.glass.ui.InvokeLaterDispatcher$Future::run@18 (line 97)
  0x000001bc352765cc: 06e9 9cfd 

  0x000001bc352765d0: ;   {runtime_call throw_null_pointer_exception Runtime1 stub}
  0x000001bc352765d0: ffff e829 

  0x000001bc352765d4: ; ImmutableOopMap {[32]=Oop [64]=Oop }
                      ;*getfield LOCK {reexecute=1 rethrow=0 return_oop=0}
                      ; - (reexecute) com.sun.glass.ui.InvokeLaterDispatcher$Future::run@28 (line 99)
                      ;   {runtime_call throw_null_pointer_exception Runtime1 stub}
  0x000001bc352765d4: d0a3 06e8 

  0x000001bc352765d8: ; ImmutableOopMap {rdx=Oop [32]=Oop [64]=Oop }
                      ;*invokevirtual notifyAll {reexecute=0 rethrow=0 return_oop=0}
                      ; - com.sun.glass.ui.InvokeLaterDispatcher$Future::run@31 (line 99)
  0x000001bc352765d8: 24d0 a306 | 488d 4424 | 3848 8904 

  0x000001bc352765e4: ;   {runtime_call monitorexit_nofpu Runtime1 stub}
  0x000001bc352765e4: 24e8 160b | a406 e9e4 

  0x000001bc352765ec: ;   {runtime_call throw_null_pointer_exception Runtime1 stub}
  0x000001bc352765ec: fdff ffe8 

  0x000001bc352765f0: ; ImmutableOopMap {rdx=Oop rax=Oop }
                      ;*getfield LOCK {reexecute=1 rethrow=0 return_oop=0}
                      ; - (reexecute) com.sun.glass.ui.InvokeLaterDispatcher$Future::run@52 (line 97)
  0x000001bc352765f0: 0cd0 a306 

  0x000001bc352765f4: ;   {runtime_call throw_null_pointer_exception Runtime1 stub}
  0x000001bc352765f4: e807 d0a3 

  0x000001bc352765f8: ; ImmutableOopMap {rdx=Oop rsi=Oop [40]=Oop }
                      ;*monitorenter {reexecute=0 rethrow=0 return_oop=0}
                      ; - com.sun.glass.ui.InvokeLaterDispatcher$Future::run@58 (line 97)
  0x000001bc352765f8: 0648 8974 | 2408 4889 

  0x000001bc35276600: ;   {runtime_call monitorenter_nofpu Runtime1 stub}
  0x000001bc35276600: 3c24 e8f9 

  0x000001bc35276604: ; ImmutableOopMap {rdx=Oop rsi=Oop [40]=Oop [64]=Oop }
                      ;*monitorenter {reexecute=0 rethrow=0 return_oop=0}
                      ; - com.sun.glass.ui.InvokeLaterDispatcher$Future::run@58 (line 97)
  0x000001bc35276604: 04a4 06e9 | 41fe ffff 

  0x000001bc3527660c: ;   {runtime_call throw_null_pointer_exception Runtime1 stub}
  0x000001bc3527660c: e8ef cfa3 

  0x000001bc35276610: ; ImmutableOopMap {[40]=Oop [48]=Oop [64]=Oop }
                      ;*getfield LOCK {reexecute=1 rethrow=0 return_oop=0}
                      ; - (reexecute) com.sun.glass.ui.InvokeLaterDispatcher$Future::run@68 (line 99)
                      ;   {runtime_call throw_null_pointer_exception Runtime1 stub}
  0x000001bc35276610: 06e8 eacf 

  0x000001bc35276614: ; ImmutableOopMap {rdx=Oop [40]=Oop [48]=Oop [64]=Oop }
                      ;*invokevirtual notifyAll {reexecute=0 rethrow=0 return_oop=0}
                      ; - com.sun.glass.ui.InvokeLaterDispatcher$Future::run@71 (line 99)
  0x000001bc35276614: a306 488d | 4424 3848 

  0x000001bc3527661c: ;   {runtime_call monitorexit_nofpu Runtime1 stub}
  0x000001bc3527661c: 8904 24e8 | dc0a a406 | e98a feff 

  0x000001bc35276628: ;   {internal_word}
  0x000001bc35276628: ff49 bacd | 6427 35bc | 0100 004d | 8997 6804 

  0x000001bc35276638: ;   {runtime_call SafepointBlob}
  0x000001bc35276638: 0000 e9c1 | f097 0648 | 8d44 2438 | 4889 0424 

  0x000001bc35276648: ;   {runtime_call monitorexit_nofpu Runtime1 stub}
  0x000001bc35276648: e8b3 0aa4 | 06e9 e8fe | ffff 488d | 4424 3848 

  0x000001bc35276658: ;   {runtime_call monitorexit_nofpu Runtime1 stub}
  0x000001bc35276658: 8904 24e8 | a00a a406 | e922 ffff | ff48 8b54 | 2418 e979 | fdff ff49 | 8b87 0005 | 0000 49c7 
  0x000001bc35276678: 8700 0500 | 0000 0000 | 0049 c787 | 0805 0000 | 0000 0000 | 4883 c450 

  0x000001bc35276690: ;   {runtime_call unwind_exception Runtime1 stub}
  0x000001bc35276690: 5de9 6ab6 | a306 f4f4 
[Stub Code]
  0x000001bc35276698: ;   {no_reloc}
  0x000001bc35276698: 0f1f 4400 

  0x000001bc3527669c: ;   {static_stub}
  0x000001bc3527669c: 0048 bb00 | 0000 0000 

  0x000001bc352766a4: ;   {runtime_call}
  0x000001bc352766a4: 0000 00e9 | fbff ffff 

  0x000001bc352766ac: ;   {static_stub}
  0x000001bc352766ac: 48bb 0000 | 0000 0000 

  0x000001bc352766b4: ;   {runtime_call}
  0x000001bc352766b4: 0000 e9fb 

  0x000001bc352766b8: ;   {runtime_call handle_exception_from_callee Runtime1 stub}
  0x000001bc352766b8: ffff ffe8 | 40f2 a306 

  0x000001bc352766c0: ;   {external_word}
  0x000001bc352766c0: 48b9 d0f7 | 60f3 ff7f | 0000 4883 

  0x000001bc352766cc: ;   {runtime_call}
  0x000001bc352766cc: e4f0 48b8 | a012 29f3 | ff7f 0000 

  0x000001bc352766d8: ;   {section_word}
  0x000001bc352766d8: ffd0 f449 | badb 6627 | 35bc 0100 

  0x000001bc352766e4: ;   {runtime_call DeoptimizationBlob}
  0x000001bc352766e4: 0041 52e9 | b4e2 9706 | f4f4 f4f4 
[/MachCode]


---------------  P R O C E S S  ---------------

Threads class SMR info:
_java_thread_list=0x000001bca1d79770, length=26, elements={
0x000001bc2a053640, 0x000001bc4e720b90, 0x000001bc4e7215f0, 0x000001bc4e726060,
0x000001bc4e722730, 0x000001bc4e724800, 0x000001bc4e723ae0, 0x000001bc4e73dfe0,
0x000001bc51b41fb0, 0x000001bc4e725520, 0x000001bc51c46820, 0x000001bc4e724170,
0x000001bc4e723450, 0x000001bc4e722dc0, 0x000001bc4e724e90, 0x000001bc4e7220a0,
0x000001bc977a24a0, 0x000001bc9779fd40, 0x000001bc977a2b30, 0x000001bc977a6640,
0x000001bc977a4570, 0x000001bc977a03d0, 0x000001bc977a0a60, 0x000001bc977a10f0,
0x000001bc977a1e10, 0x000001bc977a3850
}

Java Threads: ( => current thread )
  0x000001bc2a053640 JavaThread "main"                              [_thread_blocked, id=15404, stack(0x00000027feb00000,0x00000027fec00000) (1024K)]
  0x000001bc4e720b90 JavaThread "Reference Handler"          daemon [_thread_blocked, id=12576, stack(0x00000027ff300000,0x00000027ff400000) (1024K)]
  0x000001bc4e7215f0 JavaThread "Finalizer"                  daemon [_thread_blocked, id=24568, stack(0x00000027ff400000,0x00000027ff500000) (1024K)]
  0x000001bc4e726060 JavaThread "Signal Dispatcher"          daemon [_thread_blocked, id=21452, stack(0x00000027ff500000,0x00000027ff600000) (1024K)]
  0x000001bc4e722730 JavaThread "Attach Listener"            daemon [_thread_blocked, id=27268, stack(0x00000027ff600000,0x00000027ff700000) (1024K)]
  0x000001bc4e724800 JavaThread "Service Thread"             daemon [_thread_blocked, id=21544, stack(0x00000027ff700000,0x00000027ff800000) (1024K)]
  0x000001bc4e723ae0 JavaThread "Monitor Deflation Thread"   daemon [_thread_blocked, id=1292, stack(0x00000027ff800000,0x00000027ff900000) (1024K)]
  0x000001bc4e73dfe0 JavaThread "C2 CompilerThread0"         daemon [_thread_blocked, id=4204, stack(0x00000027ff900000,0x00000027ffa00000) (1024K)]
  0x000001bc51b41fb0 JavaThread "C1 CompilerThread0"         daemon [_thread_blocked, id=27020, stack(0x00000027ffa00000,0x00000027ffb00000) (1024K)]
  0x000001bc4e725520 JavaThread "Common-Cleaner"             daemon [_thread_blocked, id=25780, stack(0x00000027ffb00000,0x00000027ffc00000) (1024K)]
  0x000001bc51c46820 JavaThread "C1 CompilerThread1"         daemon [_thread_blocked, id=15244, stack(0x00000027ffc00000,0x00000027ffd00000) (1024K)]
  0x000001bc4e724170 JavaThread "Monitor Ctrl-Break"         daemon [_thread_in_native, id=17348, stack(0x0000002780200000,0x0000002780300000) (1024K)]
  0x000001bc4e723450 JavaThread "Notification Thread"        daemon [_thread_blocked, id=8040, stack(0x0000002780300000,0x0000002780400000) (1024K)]
  0x000001bc4e722dc0 JavaThread "QuantumRenderer-0"          daemon [_thread_blocked, id=22356, stack(0x0000002780400000,0x0000002780500000) (1024K)]
  0x000001bc4e724e90 JavaThread "InvokeLaterDispatcher"      daemon [_thread_blocked, id=16596, stack(0x0000002780600000,0x0000002780700000) (1024K)]
=>0x000001bc4e7220a0 JavaThread "JavaFX Application Thread"         [_thread_in_native, id=9504, stack(0x0000002780700000,0x0000002780800000) (1024K)]
  0x000001bc977a24a0 JavaThread "JavaFX-Launcher"                   [_thread_blocked, id=7360, stack(0x0000002780a10000,0x0000002780b10000) (1024K)]
  0x000001bc9779fd40 JavaThread "Thread-2"                   daemon [_thread_in_native, id=1664, stack(0x0000002780910000,0x0000002780a10000) (1024K)]
  0x000001bc977a2b30 JavaThread "Prism Font Disposer"        daemon [_thread_blocked, id=10368, stack(0x0000002781910000,0x0000002781a10000) (1024K)]
  0x000001bc977a6640 JavaThread "Cleaner-0"                  daemon [_thread_blocked, id=5796, stack(0x0000002781de0000,0x0000002781ee0000) (1024K)]
  0x000001bc977a4570 JavaThread "OkHttp Dispatcher"                 [_thread_blocked, id=17748, stack(0x00000027826e0000,0x00000027827e0000) (1024K)]
  0x000001bc977a03d0 JavaThread "OkHttp TaskRunner"          daemon [_thread_blocked, id=9624, stack(0x00000027828e0000,0x00000027829e0000) (1024K)]
  0x000001bc977a0a60 JavaThread "Okio Watchdog"              daemon [_thread_blocked, id=24444, stack(0x00000027829e0000,0x0000002782ae0000) (1024K)]
  0x000001bc977a10f0 JavaThread "Timer-1"                           [_thread_blocked, id=14352, stack(0x0000002782be0000,0x0000002782ce0000) (1024K)]
  0x000001bc977a1e10 JavaThread "OkHttp Dispatcher"                 [_thread_blocked, id=23500, stack(0x0000002782ce0000,0x0000002782de0000) (1024K)]
  0x000001bc977a3850 JavaThread "OkHttp Dispatcher"                 [_thread_blocked, id=21288, stack(0x00000027824e0000,0x00000027825e0000) (1024K)]
Total: 26

Other Threads:
  0x000001bc4e70a500 VMThread "VM Thread"                           [id=13680, stack(0x00000027ff200000,0x00000027ff300000) (1024K)]
  0x000001bc4e6efb80 WatcherThread "VM Periodic Task Thread"        [id=17940, stack(0x00000027ff100000,0x00000027ff200000) (1024K)]
  0x000001bc4e590aa0 WorkerThread "GC Thread#0"                     [id=3140, stack(0x00000027fec00000,0x00000027fed00000) (1024K)]
  0x000001bc97e2cc10 WorkerThread "GC Thread#1"                     [id=15480, stack(0x0000002780b10000,0x0000002780c10000) (1024K)]
  0x000001bc97e0de70 WorkerThread "GC Thread#2"                     [id=9368, stack(0x0000002780c10000,0x0000002780d10000) (1024K)]
  0x000001bc97e2d7c0 WorkerThread "GC Thread#3"                     [id=23556, stack(0x0000002780d10000,0x0000002780e10000) (1024K)]
  0x000001bc97e2fb70 WorkerThread "GC Thread#4"                     [id=16028, stack(0x0000002780e10000,0x0000002780f10000) (1024K)]
  0x000001bc97e30a40 WorkerThread "GC Thread#5"                     [id=2736, stack(0x0000002780f10000,0x0000002781010000) (1024K)]
  0x000001bc97e2ff60 WorkerThread "GC Thread#6"                     [id=10496, stack(0x0000002781010000,0x0000002781110000) (1024K)]
  0x000001bc97e318c0 WorkerThread "GC Thread#7"                     [id=11308, stack(0x0000002781110000,0x0000002781210000) (1024K)]
  0x000001bc97e30300 WorkerThread "GC Thread#8"                     [id=22208, stack(0x0000002781210000,0x0000002781310000) (1024K)]
  0x000001bc97e306a0 WorkerThread "GC Thread#9"                     [id=21732, stack(0x0000002781310000,0x0000002781410000) (1024K)]
  0x000001bc97e31180 WorkerThread "GC Thread#10"                    [id=17848, stack(0x0000002781410000,0x0000002781510000) (1024K)]
  0x000001bc97e30de0 WorkerThread "GC Thread#11"                    [id=20448, stack(0x0000002781510000,0x0000002781610000) (1024K)]
  0x000001bca119bed0 WorkerThread "GC Thread#12"                    [id=9652, stack(0x00000027800c0000,0x00000027801c0000) (1024K)]
  0x000001bca119bb30 WorkerThread "GC Thread#13"                    [id=5056, stack(0x0000002781610000,0x0000002781710000) (1024K)]
  0x000001bca119b790 WorkerThread "GC Thread#14"                    [id=8472, stack(0x0000002781710000,0x0000002781810000) (1024K)]
  0x000001bca1a35460 WorkerThread "GC Thread#15"                    [id=26388, stack(0x0000002781810000,0x0000002781910000) (1024K)]
  0x000001bca1a33760 WorkerThread "GC Thread#16"                    [id=22664, stack(0x0000002781ee0000,0x0000002781fe0000) (1024K)]
  0x000001bca1a31e00 WorkerThread "GC Thread#17"                    [id=8944, stack(0x0000002781fe0000,0x00000027820e0000) (1024K)]
  0x000001bc2c35aa40 ConcurrentGCThread "G1 Main Marker"            [id=3800, stack(0x00000027fed00000,0x00000027fee00000) (1024K)]
  0x000001bc2c35b440 WorkerThread "G1 Conc#0"                       [id=27228, stack(0x00000027fee00000,0x00000027fef00000) (1024K)]
  0x000001bca1a321a0 WorkerThread "G1 Conc#1"                       [id=25764, stack(0x00000027820e0000,0x00000027821e0000) (1024K)]
  0x000001bca1a31a60 WorkerThread "G1 Conc#2"                       [id=6132, stack(0x00000027821e0000,0x00000027822e0000) (1024K)]
  0x000001bca1a33020 WorkerThread "G1 Conc#3"                       [id=13468, stack(0x00000027822e0000,0x00000027823e0000) (1024K)]
  0x000001bca1a32c80 WorkerThread "G1 Conc#4"                       [id=20700, stack(0x00000027823e0000,0x00000027824e0000) (1024K)]
  0x000001bc4e6338f0 ConcurrentGCThread "G1 Refine#0"               [id=3384, stack(0x00000027fef00000,0x00000027ff000000) (1024K)]
  0x000001bc2c39e700 ConcurrentGCThread "G1 Service"                [id=6896, stack(0x00000027ff000000,0x00000027ff100000) (1024K)]
Total: 28

Threads with active compile tasks:
Total: 0

VM state: not at safepoint (normal execution)

VM Mutex/Monitor currently owned by a thread: None

Heap address: 0x0000000603800000, size: 8136 MB, Compressed Oops mode: Zero based, Oop shift amount: 3

CDS archive(s) mapped at: [0x000001bc52000000-0x000001bc52c90000-0x000001bc52c90000), size 13172736, SharedBaseAddress: 0x000001bc52000000, ArchiveRelocationMode: 1.
Compressed class space mapped at: 0x000001bc53000000-0x000001bc93000000, reserved size: 1073741824
Narrow klass base: 0x000001bc52000000, Narrow klass shift: 0, Narrow klass range: 0x100000000

GC Precious Log:
 CardTable entry size: 512
 Card Set container configuration: InlinePtr #cards 4 size 8 Array Of Cards #cards 32 size 80 Howl #buckets 8 coarsen threshold 7372 Howl Bitmap #cards 1024 size 144 coarsen threshold 921 Card regions per heap region 1 cards per card region 8192
 CPUs: 24 total, 24 available
 Memory: 32536M
 Large Page Support: Disabled
 NUMA Support: Disabled
 Compressed Oops: Enabled (Zero based)
 Heap Region Size: 4M
 Heap Min Capacity: 8M
 Heap Initial Capacity: 512M
 Heap Max Capacity: 8136M
 Pre-touch: Disabled
 Parallel Workers: 18
 Concurrent Workers: 5
 Concurrent Refinement Workers: 18
 Periodic GC: Disabled

Heap:
 garbage-first heap   total 69632K, used 49906K [0x0000000603800000, 0x0000000800000000)
  region size 4096K, 13 young (53248K), 3 survivors (12288K)
 Metaspace       used 27676K, committed 28096K, reserved 1114112K
  class space    used 3655K, committed 3840K, reserved 1048576K

Heap Regions: E=young(eden), S=young(survivor), O=old, HS=humongous(starts), HC=humongous(continues), CS=collection set, F=free, TAMS=top-at-mark-start, PB=parsable bottom
|   0|0x0000000603800000, 0x0000000603abfed8, 0x0000000603c00000| 68%| O|Cm|TAMS 0x0000000603800000| PB 0x0000000603800000| Complete 
|   1|0x0000000603c00000, 0x0000000603c00000, 0x0000000604000000|  0%| F|  |TAMS 0x0000000603c00000| PB 0x0000000603c00000| Untracked 
|   2|0x0000000604000000, 0x0000000604000000, 0x0000000604400000|  0%| F|  |TAMS 0x0000000604000000| PB 0x0000000604000000| Untracked 
|   3|0x0000000604400000, 0x0000000604400000, 0x0000000604800000|  0%| F|  |TAMS 0x0000000604400000| PB 0x0000000604400000| Untracked 
|   4|0x0000000604800000, 0x0000000604a35270, 0x0000000604c00000| 55%| E|  |TAMS 0x0000000604800000| PB 0x0000000604800000| Complete 
|   5|0x0000000604c00000, 0x0000000605000000, 0x0000000605000000|100%| E|CS|TAMS 0x0000000604c00000| PB 0x0000000604c00000| Complete 
|   6|0x0000000605000000, 0x0000000605400000, 0x0000000605400000|100%| E|CS|TAMS 0x0000000605000000| PB 0x0000000605000000| Complete 
|   7|0x0000000605400000, 0x0000000605800000, 0x0000000605800000|100%| E|CS|TAMS 0x0000000605400000| PB 0x0000000605400000| Complete 
|   8|0x0000000605800000, 0x0000000605c00000, 0x0000000605c00000|100%| E|CS|TAMS 0x0000000605800000| PB 0x0000000605800000| Complete 
|   9|0x0000000605c00000, 0x0000000606000000, 0x0000000606000000|100%| E|CS|TAMS 0x0000000605c00000| PB 0x0000000605c00000| Complete 
|  10|0x0000000606000000, 0x0000000606400000, 0x0000000606400000|100%| E|CS|TAMS 0x0000000606000000| PB 0x0000000606000000| Complete 
|  11|0x0000000606400000, 0x0000000606800000, 0x0000000606800000|100%| E|CS|TAMS 0x0000000606400000| PB 0x0000000606400000| Complete 
|  12|0x0000000606800000, 0x0000000606c00000, 0x0000000606c00000|100%| E|CS|TAMS 0x0000000606800000| PB 0x0000000606800000| Complete 
| 111|0x000000061f400000, 0x000000061f5fcb40, 0x000000061f800000| 49%| S|CS|TAMS 0x000000061f400000| PB 0x000000061f400000| Complete 
| 112|0x000000061f800000, 0x000000061fc00000, 0x000000061fc00000|100%| S|CS|TAMS 0x000000061f800000| PB 0x000000061f800000| Complete 
| 113|0x000000061fc00000, 0x0000000620000000, 0x0000000620000000|100%| S|CS|TAMS 0x000000061fc00000| PB 0x000000061fc00000| Complete 
| 127|0x0000000623400000, 0x0000000623800000, 0x0000000623800000|100%| E|CS|TAMS 0x0000000623400000| PB 0x0000000623400000| Complete 

Card table byte_map: [0x000001bc45530000,0x000001bc46520000] _byte_map_base: 0x000001bc42514000

Marking Bits: (CMBitMap*) 0x000001bc2c34a170
 Bits: [0x000001bc46520000, 0x000001bc4e440000)

Polling page: 0x000001bc2baa0000

Metaspace:

Usage:
  Non-class:     23.46 MB used.
      Class:      3.57 MB used.
       Both:     27.03 MB used.

Virtual space:
  Non-class space:       64.00 MB reserved,      23.69 MB ( 37%) committed,  1 nodes.
      Class space:        1.00 GB reserved,       3.75 MB ( <1%) committed,  1 nodes.
             Both:        1.06 GB reserved,      27.44 MB (  3%) committed. 

Chunk freelists:
   Non-Class:  8.09 MB
       Class:  12.25 MB
        Both:  20.34 MB

MaxMetaspaceSize: unlimited
CompressedClassSpaceSize: 1.00 GB
Initial GC threshold: 21.00 MB
Current GC threshold: 35.12 MB
CDS: on
 - commit_granule_bytes: 65536.
 - commit_granule_words: 8192.
 - virtual_space_node_default_size: 8388608.
 - enlarge_chunks_in_place: 1.
 - use_allocation_guard: 0.


Internal statistics:

num_allocs_failed_limit: 3.
num_arena_births: 426.
num_arena_deaths: 0.
num_vsnodes_births: 2.
num_vsnodes_deaths: 0.
num_space_committed: 439.
num_space_uncommitted: 0.
num_chunks_returned_to_freelist: 3.
num_chunks_taken_from_freelist: 1270.
num_chunk_merges: 3.
num_chunk_splits: 902.
num_chunks_enlarged: 688.
num_inconsistent_stats: 0.

CodeHeap 'non-profiled nmethods': size=119168Kb used=2557Kb max_used=2557Kb free=116610Kb
 bounds [0x000001bc3c2f0000, 0x000001bc3c570000, 0x000001bc43750000]
CodeHeap 'profiled nmethods': size=119104Kb used=11939Kb max_used=11939Kb free=107164Kb
 bounds [0x000001bc34750000, 0x000001bc35300000, 0x000001bc3bba0000]
CodeHeap 'non-nmethods': size=7488Kb used=2464Kb max_used=3634Kb free=5023Kb
 bounds [0x000001bc3bba0000, 0x000001bc3bf40000, 0x000001bc3c2f0000]
 total_blobs=6445 nmethods=5551 adapters=796
 compilation: enabled
              stopped_count=0, restarted_count=0
 full_count=0

Compilation events (20 events):
Event: 10.889 Thread 0x000001bc51c46820 5536       3       com.sun.javafx.collections.ObservableMapWrapper$SimpleChange::<init> (63 bytes)
Event: 10.889 Thread 0x000001bc51b41fb0 5537       3       com.sun.javafx.collections.ObservableMapWrapper::callObservers (9 bytes)
Event: 10.889 Thread 0x000001bc51c46820 nmethod 5536 0x000001bc352e7c10 code [0x000001bc352e7dc0, 0x000001bc352e8198]
Event: 10.889 Thread 0x000001bc51b41fb0 nmethod 5537 0x000001bc352e8290 code [0x000001bc352e8440, 0x000001bc352e86a8]
Event: 10.889 Thread 0x000001bc51c46820 5538       3       com.sun.javafx.collections.MapListenerHelper::fireValueChangedEvent (10 bytes)
Event: 10.889 Thread 0x000001bc51b41fb0 5539       1       com.sun.javafx.scene.control.inputmap.InputMap$Mapping::getEventHandler (5 bytes)
Event: 10.890 Thread 0x000001bc51b41fb0 nmethod 5539 0x000001bc3c56ee90 code [0x000001bc3c56f020, 0x000001bc3c56f0f0]
Event: 10.890 Thread 0x000001bc51c46820 nmethod 5538 0x000001bc352e8790 code [0x000001bc352e8940, 0x000001bc352e8b28]
Event: 10.907 Thread 0x000001bc51c46820 5540       3       java.util.concurrent.ThreadPoolExecutor::workerCountOf (5 bytes)
Event: 10.907 Thread 0x000001bc51c46820 nmethod 5540 0x000001bc352e8c10 code [0x000001bc352e8da0, 0x000001bc352e8e98]
Event: 10.908 Thread 0x000001bc51c46820 5541       3       java.lang.System::lineSeparator (4 bytes)
Event: 10.908 Thread 0x000001bc51b41fb0 5542       3       java.io.BufferedWriter::newLine (8 bytes)
Event: 10.908 Thread 0x000001bc51c46820 nmethod 5541 0x000001bc352e8f10 code [0x000001bc352e90a0, 0x000001bc352e91a0]
Event: 10.908 Thread 0x000001bc51c46820 5543   !   3       java.io.BufferedWriter::flushBuffer (63 bytes)
Event: 10.908 Thread 0x000001bc51b41fb0 nmethod 5542 0x000001bc352e9210 code [0x000001bc352e93e0, 0x000001bc352e9790]
Event: 10.908 Thread 0x000001bc51c46820 nmethod 5543 0x000001bc352e9910 code [0x000001bc352e9c20, 0x000001bc352eaff0]
Event: 10.912 Thread 0x000001bc51c46820 5544       1       java.util.concurrent.atomic.AtomicReference::get (5 bytes)
Event: 10.912 Thread 0x000001bc51c46820 nmethod 5544 0x000001bc3c56f190 code [0x000001bc3c56f320, 0x000001bc3c56f3f0]
Event: 10.912 Thread 0x000001bc51c46820 5545       3       java.util.ArrayList::remove (26 bytes)
Event: 10.912 Thread 0x000001bc51c46820 nmethod 5545 0x000001bc352eb710 code [0x000001bc352eb8c0, 0x000001bc352ebaf0]

GC Heap History (6 events):
Event: 0.301 GC heap before
{Heap before GC invocations=0 (full 0):
 garbage-first heap   total 524288K, used 24576K [0x0000000603800000, 0x0000000800000000)
  region size 4096K, 6 young (24576K), 0 survivors (0K)
 Metaspace       used 4608K, committed 4800K, reserved 1114112K
  class space    used 525K, committed 640K, reserved 1048576K
}
Event: 0.303 GC heap after
{Heap after GC invocations=1 (full 0):
 garbage-first heap   total 524288K, used 3128K [0x0000000603800000, 0x0000000800000000)
  region size 4096K, 1 young (4096K), 1 survivors (4096K)
 Metaspace       used 4608K, committed 4800K, reserved 1114112K
  class space    used 525K, committed 640K, reserved 1048576K
}
Event: 0.695 GC heap before
{Heap before GC invocations=1 (full 0):
 garbage-first heap   total 524288K, used 44088K [0x0000000603800000, 0x0000000800000000)
  region size 4096K, 11 young (45056K), 1 survivors (4096K)
 Metaspace       used 11528K, committed 11776K, reserved 1114112K
  class space    used 1628K, committed 1728K, reserved 1048576K
}
Event: 0.697 GC heap after
{Heap after GC invocations=2 (full 0):
 garbage-first heap   total 524288K, used 7853K [0x0000000603800000, 0x0000000800000000)
  region size 4096K, 2 young (8192K), 2 survivors (8192K)
 Metaspace       used 11528K, committed 11776K, reserved 1114112K
  class space    used 1628K, committed 1728K, reserved 1048576K
}
Event: 2.284 GC heap before
{Heap before GC invocations=2 (full 0):
 garbage-first heap   total 524288K, used 52909K [0x0000000603800000, 0x0000000800000000)
  region size 4096K, 14 young (57344K), 2 survivors (8192K)
 Metaspace       used 21205K, committed 21504K, reserved 1114112K
  class space    used 2949K, committed 3072K, reserved 1048576K
}
Event: 2.288 GC heap after
{Heap after GC invocations=3 (full 0):
 garbage-first heap   total 524288K, used 13042K [0x0000000603800000, 0x0000000800000000)
  region size 4096K, 3 young (12288K), 3 survivors (12288K)
 Metaspace       used 21205K, committed 21504K, reserved 1114112K
  class space    used 2949K, committed 3072K, reserved 1048576K
}

Dll operation events (20 events):
Event: 0.159 Loaded shared library C:\Users\Tamir\IdeaProjects\javafx-sdk-22.0.2\bin\api-ms-win-crt-multibyte-l1-1-0.dll
Event: 0.160 Loaded shared library C:\Users\Tamir\IdeaProjects\javafx-sdk-22.0.2\bin\api-ms-win-crt-private-l1-1-0.dll
Event: 0.160 Loaded shared library C:\Users\Tamir\IdeaProjects\javafx-sdk-22.0.2\bin\api-ms-win-crt-process-l1-1-0.dll
Event: 0.161 Loaded shared library C:\Users\Tamir\IdeaProjects\javafx-sdk-22.0.2\bin\api-ms-win-crt-runtime-l1-1-0.dll
Event: 0.162 Loaded shared library C:\Users\Tamir\IdeaProjects\javafx-sdk-22.0.2\bin\api-ms-win-crt-stdio-l1-1-0.dll
Event: 0.163 Loaded shared library C:\Users\Tamir\IdeaProjects\javafx-sdk-22.0.2\bin\api-ms-win-crt-string-l1-1-0.dll
Event: 0.163 Loaded shared library C:\Users\Tamir\IdeaProjects\javafx-sdk-22.0.2\bin\api-ms-win-crt-time-l1-1-0.dll
Event: 0.164 Loaded shared library C:\Users\Tamir\IdeaProjects\javafx-sdk-22.0.2\bin\api-ms-win-crt-utility-l1-1-0.dll
Event: 0.165 Loaded shared library C:\Users\Tamir\IdeaProjects\javafx-sdk-22.0.2\bin\ucrtbase.dll
Event: 0.165 Loaded shared library C:\Users\Tamir\IdeaProjects\javafx-sdk-22.0.2\bin\vcruntime140.dll
Event: 0.166 Loaded shared library C:\Users\Tamir\IdeaProjects\javafx-sdk-22.0.2\bin\vcruntime140_1.dll
Event: 0.167 Loaded shared library C:\Users\Tamir\IdeaProjects\javafx-sdk-22.0.2\bin\msvcp140.dll
Event: 0.167 Loaded shared library C:\Users\Tamir\IdeaProjects\javafx-sdk-22.0.2\bin\msvcp140_1.dll
Event: 0.168 Loaded shared library C:\Users\Tamir\IdeaProjects\javafx-sdk-22.0.2\bin\msvcp140_2.dll
Event: 0.184 Loaded shared library C:\Users\Tamir\IdeaProjects\javafx-sdk-22.0.2\bin\prism_d3d.dll
Event: 0.222 Loaded shared library C:\Users\Tamir\IdeaProjects\javafx-sdk-22.0.2\bin\glass.dll
Event: 0.300 Loaded shared library C:\Program Files\Java\jdk-21\bin\jimage.dll
Event: 0.535 Loaded shared library C:\Users\Tamir\IdeaProjects\javafx-sdk-22.0.2\bin\javafx_font.dll
Event: 2.297 Loaded shared library C:\Program Files\Java\jdk-21\bin\sunmscapi.dll
Event: 2.963 Loaded shared library C:\Program Files\Java\jdk-21\bin\verify.dll

Deoptimization events (20 events):
Event: 5.893 Thread 0x000001bc4e7220a0 DEOPT PACKING pc=0x000001bc3c5454bc sp=0x00000027807fb400
Event: 5.893 Thread 0x000001bc4e7220a0 DEOPT UNPACKING pc=0x000001bc3bbf46a2 sp=0x00000027807fb3c0 mode 2
Event: 8.033 Thread 0x000001bc4e722dc0 Uncommon trap: trap_request=0xffffff45 fr.pc=0x000001bc3c4fdf04 relative=0x0000000000000204
Event: 8.033 Thread 0x000001bc4e722dc0 Uncommon trap: reason=unstable_if action=reinterpret pc=0x000001bc3c4fdf04 method=com.sun.prism.impl.BaseContext.flushMask()V @ 4 c2
Event: 8.033 Thread 0x000001bc4e722dc0 DEOPT PACKING pc=0x000001bc3c4fdf04 sp=0x00000027804fdc80
Event: 8.033 Thread 0x000001bc4e722dc0 DEOPT UNPACKING pc=0x000001bc3bbf46a2 sp=0x00000027804fdb80 mode 2
Event: 8.033 Thread 0x000001bc4e722dc0 DEOPT PACKING pc=0x000001bc352068f0 sp=0x00000027804fc830
Event: 8.033 Thread 0x000001bc4e722dc0 DEOPT UNPACKING pc=0x000001bc3bbf4e42 sp=0x00000027804fbc80 mode 0
Event: 8.672 Thread 0x000001bc4e722dc0 Uncommon trap: trap_request=0xffffff45 fr.pc=0x000001bc3c556fcc relative=0x000000000000212c
Event: 8.672 Thread 0x000001bc4e722dc0 Uncommon trap: reason=unstable_if action=reinterpret pc=0x000001bc3c556fcc method=com.sun.marlin.Renderer._endRendering(IILcom/sun/marlin/MarlinAlphaConsumer;)V @ 2144 c2
Event: 8.672 Thread 0x000001bc4e722dc0 DEOPT PACKING pc=0x000001bc3c556fcc sp=0x00000027804fddc0
Event: 8.672 Thread 0x000001bc4e722dc0 DEOPT UNPACKING pc=0x000001bc3bbf46a2 sp=0x00000027804fdbf0 mode 2
Event: 8.672 Thread 0x000001bc4e722dc0 Uncommon trap: trap_request=0xffffff45 fr.pc=0x000001bc3c53a3a4 relative=0x0000000000002b64
Event: 8.672 Thread 0x000001bc4e722dc0 Uncommon trap: reason=unstable_if action=reinterpret pc=0x000001bc3c53a3a4 method=com.sun.marlin.Renderer._endRendering(IILcom/sun/marlin/MarlinAlphaConsumer;)V @ 2144 c2
Event: 8.672 Thread 0x000001bc4e722dc0 DEOPT PACKING pc=0x000001bc3c53a3a4 sp=0x00000027804fdcf0
Event: 8.672 Thread 0x000001bc4e722dc0 DEOPT UNPACKING pc=0x000001bc3bbf46a2 sp=0x00000027804fdbf0 mode 2
Event: 10.227 Thread 0x000001bc4e7220a0 Uncommon trap: trap_request=0xffffff45 fr.pc=0x000001bc3c4ebbd0 relative=0x0000000000000eb0
Event: 10.227 Thread 0x000001bc4e7220a0 Uncommon trap: reason=unstable_if action=reinterpret pc=0x000001bc3c4ebbd0 method=javafx.scene.Node.intersectsBounds(Lcom/sun/javafx/geom/PickRay;)D @ 902 c2
Event: 10.227 Thread 0x000001bc4e7220a0 DEOPT PACKING pc=0x000001bc3c4ebbd0 sp=0x00000027807faee0
Event: 10.227 Thread 0x000001bc4e7220a0 DEOPT UNPACKING pc=0x000001bc3bbf46a2 sp=0x00000027807fadb8 mode 2

Classes loaded (20 events):
Event: 2.965 Loading class java/io/StringReader
Event: 2.965 Loading class java/io/StringReader done
Event: 2.971 Loading class java/io/StringWriter
Event: 2.971 Loading class java/io/StringWriter done
Event: 2.972 Loading class java/util/UUID
Event: 2.972 Loading class java/util/UUID done
Event: 2.974 Loading class java/text/ParseException
Event: 2.974 Loading class java/text/ParseException done
Event: 2.978 Loading class sun/reflect/misc/ReflectUtil
Event: 2.978 Loading class sun/reflect/misc/ReflectUtil done
Event: 2.979 Loading class sun/reflect/generics/repository/FieldRepository
Event: 2.979 Loading class sun/reflect/generics/repository/FieldRepository done
Event: 8.727 Loading class java/lang/invoke/WrongMethodTypeException
Event: 8.727 Loading class java/lang/invoke/WrongMethodTypeException done
Event: 8.727 Loading class jdk/internal/reflect/AccessorUtils
Event: 8.727 Loading class jdk/internal/reflect/AccessorUtils done
Event: 8.727 Loading class java/lang/Throwable$WrappedPrintStream
Event: 8.727 Loading class java/lang/Throwable$PrintStreamOrWriter
Event: 8.727 Loading class java/lang/Throwable$PrintStreamOrWriter done
Event: 8.727 Loading class java/lang/Throwable$WrappedPrintStream done

Classes unloaded (0 events):
No events

Classes redefined (0 events):
No events

Internal exceptions (20 events):
Event: 0.910 Thread 0x000001bc4e7220a0 Exception <a 'java/lang/NoSuchMethodError'{0x00000006218ad718}: 'java.lang.Object java.lang.invoke.DirectMethodHandle$Holder.newInvokeSpecial(java.lang.Object, java.lang.Object, int)'> (0x00000006218ad718) 
thrown [s\open\src\hotspot\share\interpreter\linkResolver.cpp, line 773]
Event: 0.933 Thread 0x000001bc4e722dc0 Exception <a 'java/lang/NoSuchMethodError'{0x0000000621a69bc0}: 'int java.lang.invoke.DirectMethodHandle$Holder.invokeStaticInit(java.lang.Object, java.lang.Object)'> (0x0000000621a69bc0) 
thrown [s\open\src\hotspot\share\interpreter\linkResolver.cpp, line 773]
Event: 0.943 Thread 0x000001bc4e7220a0 Exception <a 'java/lang/NoSuchMethodError'{0x0000000621ad6ad8}: 'long java.lang.invoke.DirectMethodHandle$Holder.invokeStatic(java.lang.Object, java.lang.Object, java.lang.Object)'> (0x0000000621ad6ad8) 
thrown [s\open\src\hotspot\share\interpreter\linkResolver.cpp, line 773]
Event: 0.943 Thread 0x000001bc4e7220a0 Exception <a 'java/lang/NoSuchMethodError'{0x0000000621ad9ea8}: 'long java.lang.invoke.DirectMethodHandle$Holder.invokeStaticInit(java.lang.Object, java.lang.Object, java.lang.Object)'> (0x0000000621ad9ea8) 
thrown [s\open\src\hotspot\share\interpreter\linkResolver.cpp, line 773]
Event: 0.945 Thread 0x000001bc4e7220a0 Exception <a 'java/lang/NoSuchMethodError'{0x0000000621aee4a0}: 'java.lang.Object java.lang.invoke.DirectMethodHandle$Holder.newInvokeSpecial(java.lang.Object, java.lang.Object, long)'> (0x0000000621aee4a0) 
thrown [s\open\src\hotspot\share\interpreter\linkResolver.cpp, line 773]
Event: 0.945 Thread 0x000001bc4e7220a0 Exception <a 'java/lang/NoSuchMethodError'{0x0000000621af1d98}: 'java.lang.Object java.lang.invoke.Invokers$Holder.linkToTargetMethod(java.lang.Object, long, java.lang.Object)'> (0x0000000621af1d98) 
thrown [s\open\src\hotspot\share\interpreter\linkResolver.cpp, line 773]
Event: 0.946 Thread 0x000001bc4e722dc0 Exception <a 'java/lang/NoSuchMethodError'{0x000000062147c388}: 'java.lang.Object java.lang.invoke.DirectMethodHandle$Holder.invokeStaticInit(java.lang.Object, int)'> (0x000000062147c388) 
thrown [s\open\src\hotspot\share\interpreter\linkResolver.cpp, line 773]
Event: 2.238 Thread 0x000001bc4e7220a0 Exception <a 'java/lang/NoSuchMethodError'{0x00000006213e2858}: 'java.lang.Object java.lang.invoke.DirectMethodHandle$Holder.newInvokeSpecial(java.lang.Object, java.lang.Object, int, int, int, int, int, java.lang.Object)'> (0x00000006213e2858) 
thrown [s\open\src\hotspot\share\interpreter\linkResolver.cpp, line 773]
Event: 2.240 Thread 0x000001bc4e7220a0 Exception <a 'java/lang/NoSuchMethodError'{0x00000006213f4468}: 'java.lang.Object java.lang.invoke.DirectMethodHandle$Holder.newInvokeSpecial(java.lang.Object, java.lang.Object, java.lang.Object, int, int, int, int, int)'> (0x00000006213f4468) 
thrown [s\open\src\hotspot\share\interpreter\linkResolver.cpp, line 773]
Event: 2.241 Thread 0x000001bc4e7220a0 Exception <a 'java/lang/NoSuchMethodError'{0x00000006213fb7a8}: 'java.lang.Object java.lang.invoke.Invokers$Holder.linkToTargetMethod(java.lang.Object, java.lang.Object, int, int, int, int, int, java.lang.Object)'> (0x00000006213fb7a8) 
thrown [s\open\src\hotspot\share\interpreter\linkResolver.cpp, line 773]
Event: 2.326 Thread 0x000001bc4e7220a0 Exception <a 'sun/nio/fs/WindowsException'{0x0000000606443300}> (0x0000000606443300) 
thrown [s\open\src\hotspot\share\prims\jni.cpp, line 520]
Event: 2.340 Thread 0x000001bc4e7220a0 Exception <a 'java/lang/NoSuchMethodError'{0x00000006064ec660}: 'java.lang.Object java.lang.invoke.DirectMethodHandle$Holder.invokeStaticInit(java.lang.Object, int, int, int, int)'> (0x00000006064ec660) 
thrown [s\open\src\hotspot\share\interpreter\linkResolver.cpp, line 773]
Event: 2.347 Thread 0x000001bc4e7220a0 Exception <a 'java/lang/NoSuchMethodError'{0x00000006065a65e0}: 'java.lang.Object java.lang.invoke.DirectMethodHandle$Holder.invokeStaticInit(java.lang.Object, java.lang.Object, int, int, int, int)'> (0x00000006065a65e0) 
thrown [s\open\src\hotspot\share\interpreter\linkResolver.cpp, line 773]
Event: 2.987 Thread 0x000001bc4e7220a0 Exception <a 'java/lang/NoSuchMethodError'{0x00000006054b1458}: 'int java.lang.invoke.DirectMethodHandle$Holder.invokeVirtual(java.lang.Object, java.lang.Object)'> (0x00000006054b1458) 
thrown [s\open\src\hotspot\share\interpreter\linkResolver.cpp, line 773]
Event: 4.426 Thread 0x000001bc4e7220a0 Exception <a 'java/io/FileNotFoundException'{0x00000006055310f0}> (0x00000006055310f0) 
thrown [s\open\src\hotspot\share\prims\jni.cpp, line 520]
Event: 4.428 Thread 0x000001bc4e7220a0 Exception <a 'java/io/FileNotFoundException'{0x00000006055729f8}> (0x00000006055729f8) 
thrown [s\open\src\hotspot\share\prims\jni.cpp, line 520]
Event: 4.429 Thread 0x000001bc4e7220a0 Implicit null exception at 0x000001bc3c4d275e to 0x000001bc3c4d27e4
Event: 4.456 Thread 0x000001bc4e7220a0 Exception <a 'java/lang/NoSuchMethodError'{0x00000006053efea0}: 'java.lang.Object java.lang.invoke.DirectMethodHandle$Holder.newInvokeSpecial(java.lang.Object, java.lang.Object, int, int)'> (0x00000006053efea0) 
thrown [s\open\src\hotspot\share\interpreter\linkResolver.cpp, line 773]
Event: 4.456 Thread 0x000001bc4e7220a0 Exception <a 'java/lang/NoSuchMethodError'{0x00000006053f4360}: 'java.lang.Object java.lang.invoke.DirectMethodHandle$Holder.invokeSpecial(java.lang.Object, java.lang.Object, java.lang.Object, int, int)'> (0x00000006053f4360) 
thrown [s\open\src\hotspot\share\interpreter\linkResolver.cpp, line 773]
Event: 8.727 Thread 0x000001bc4e7220a0 Exception <a 'java/lang/NullPointerException'{0x0000000604ff86a8}> (0x0000000604ff86a8) 
thrown [s\open\src\hotspot\share\interpreter\linkResolver.cpp, line 1456]

ZGC Phase Switch (0 events):
No events

VM Operations (20 events):
Event: 2.350 Executing VM operation: HandshakeAllThreads (Deoptimize)
Event: 2.350 Executing VM operation: HandshakeAllThreads (Deoptimize) done
Event: 2.457 Executing VM operation: ICBufferFull
Event: 2.457 Executing VM operation: ICBufferFull done
Event: 2.909 Executing VM operation: ICBufferFull
Event: 2.910 Executing VM operation: ICBufferFull done
Event: 2.910 Executing VM operation: ICBufferFull
Event: 2.910 Executing VM operation: ICBufferFull done
Event: 2.975 Executing VM operation: HandshakeAllThreads (Deoptimize)
Event: 2.975 Executing VM operation: HandshakeAllThreads (Deoptimize) done
Event: 3.975 Executing VM operation: Cleanup
Event: 3.975 Executing VM operation: Cleanup done
Event: 4.465 Executing VM operation: ICBufferFull
Event: 4.465 Executing VM operation: ICBufferFull done
Event: 6.464 Executing VM operation: Cleanup
Event: 6.464 Executing VM operation: Cleanup done
Event: 8.464 Executing VM operation: Cleanup
Event: 8.464 Executing VM operation: Cleanup done
Event: 10.465 Executing VM operation: Cleanup
Event: 10.465 Executing VM operation: Cleanup done

Events (20 events):
Event: 2.358 Thread 0x000001bc977a4570 Thread added: 0x000001bc977a4570
Event: 2.371 Thread 0x000001bc977a03d0 Thread added: 0x000001bc977a03d0
Event: 2.373 Thread 0x000001bc977a0a60 Thread added: 0x000001bc977a0a60
Event: 2.409 Thread 0x000001bc977a31c0 Thread added: 0x000001bc977a31c0
Event: 2.409 Thread 0x000001bc977a10f0 Thread added: 0x000001bc977a10f0
Event: 2.465 Thread 0x000001bca1e983c0 Thread added: 0x000001bca1e983c0
Event: 2.470 Thread 0x000001bca1d853a0 Thread added: 0x000001bca1d853a0
Event: 2.790 Thread 0x000001bca1d853a0 Thread exited: 0x000001bca1d853a0
Event: 2.800 Thread 0x000001bca1e983c0 Thread exited: 0x000001bca1e983c0
Event: 2.910 Thread 0x000001bc977a1e10 Thread added: 0x000001bc977a1e10
Event: 3.327 Thread 0x000001bca0975bc0 Thread exited: 0x000001bca0975bc0
Event: 3.333 Thread 0x000001bca1ad5f20 Thread exited: 0x000001bca1ad5f20
Event: 3.411 Thread 0x000001bc977a3850 Thread added: 0x000001bc977a3850
Event: 3.878 Thread 0x000001bca1f1c110 Thread added: 0x000001bca1f1c110
Event: 4.436 Thread 0x000001bca1e90e20 Thread added: 0x000001bca1e90e20
Event: 4.799 Thread 0x000001bca1e90e20 Thread exited: 0x000001bca1e90e20
Event: 4.879 Thread 0x000001bca1f1c110 Thread exited: 0x000001bca1f1c110
Event: 5.915 Thread 0x000001bc51c5d9a0 Thread exited: 0x000001bc51c5d9a0
Event: 5.915 Thread 0x000001bc51c5d2f0 Thread exited: 0x000001bc51c5d2f0
Event: 10.888 Thread 0x000001bc977a31c0 Thread exited: 0x000001bc977a31c0


Dynamic libraries:
0x00007ff6d5970000 - 0x00007ff6d5980000 	C:\Program Files\Java\jdk-21\bin\java.exe
0x00007ff8a41f0000 - 0x00007ff8a4407000 	C:\Windows\SYSTEM32\ntdll.dll
0x00007ff8a3250000 - 0x00007ff8a3314000 	C:\Windows\System32\KERNEL32.DLL
0x00007ff8a1920000 - 0x00007ff8a1cd7000 	C:\Windows\System32\KERNELBASE.dll
0x00007ff8a1790000 - 0x00007ff8a18a1000 	C:\Windows\System32\ucrtbase.dll
0x00007ff897150000 - 0x00007ff897169000 	C:\Program Files\Java\jdk-21\bin\jli.dll
0x00007ff8a30b0000 - 0x00007ff8a3162000 	C:\Windows\System32\ADVAPI32.dll
0x00007ff882010000 - 0x00007ff88202b000 	C:\Program Files\Java\jdk-21\bin\VCRUNTIME140.dll
0x00007ff8a3320000 - 0x00007ff8a33c7000 	C:\Windows\System32\msvcrt.dll
0x00007ff8a2060000 - 0x00007ff8a2108000 	C:\Windows\System32\sechost.dll
0x00007ff8a1ce0000 - 0x00007ff8a1d08000 	C:\Windows\System32\bcrypt.dll
0x00007ff8a4030000 - 0x00007ff8a4144000 	C:\Windows\System32\RPCRT4.dll
0x00007ff8a33d0000 - 0x00007ff8a357f000 	C:\Windows\System32\USER32.dll
0x00007ff8a1e30000 - 0x00007ff8a1e56000 	C:\Windows\System32\win32u.dll
0x00007ff888ee0000 - 0x00007ff889173000 	C:\Windows\WinSxS\amd64_microsoft.windows.common-controls_6595b64144ccf1df_6.0.22621.3672_none_2713b9d173822955\COMCTL32.dll
0x00007ff8a2330000 - 0x00007ff8a2359000 	C:\Windows\System32\GDI32.dll
0x00007ff8a1d10000 - 0x00007ff8a1e28000 	C:\Windows\System32\gdi32full.dll
0x00007ff8a1500000 - 0x00007ff8a159a000 	C:\Windows\System32\msvcp_win.dll
0x00007ff89db50000 - 0x00007ff89db5a000 	C:\Windows\SYSTEM32\VERSION.dll
0x00007ff8a3010000 - 0x00007ff8a3041000 	C:\Windows\System32\IMM32.DLL
0x00007ff897100000 - 0x00007ff89710c000 	C:\Program Files\Java\jdk-21\bin\vcruntime140_1.dll
0x00007ff838d30000 - 0x00007ff838dbe000 	C:\Program Files\Java\jdk-21\bin\msvcp140.dll
0x00007ffff2c70000 - 0x00007ffff3983000 	C:\Program Files\Java\jdk-21\bin\server\jvm.dll
0x00007ff8a3580000 - 0x00007ff8a35f1000 	C:\Windows\System32\WS2_32.dll
0x00007ff8a0370000 - 0x00007ff8a03bd000 	C:\Windows\SYSTEM32\POWRPROF.dll
0x00007ff8980a0000 - 0x00007ff8980d4000 	C:\Windows\SYSTEM32\WINMM.dll
0x00007ff8a0350000 - 0x00007ff8a0363000 	C:\Windows\SYSTEM32\UMPDC.dll
0x00007ff8a0560000 - 0x00007ff8a0578000 	C:\Windows\SYSTEM32\kernel.appcore.dll
0x00007ff8927a0000 - 0x00007ff8927aa000 	C:\Program Files\Java\jdk-21\bin\jimage.dll
0x00007ff8963b0000 - 0x00007ff8965e2000 	C:\Windows\SYSTEM32\DBGHELP.DLL
0x00007ff8a29c0000 - 0x00007ff8a2d4e000 	C:\Windows\System32\combase.dll
0x00007ff8a3170000 - 0x00007ff8a3247000 	C:\Windows\System32\OLEAUT32.dll
0x00007ff872bf0000 - 0x00007ff872c22000 	C:\Windows\SYSTEM32\dbgcore.DLL
0x00007ff8a15a0000 - 0x00007ff8a161b000 	C:\Windows\System32\bcryptPrimitives.dll
0x00007ff876b90000 - 0x00007ff876b9f000 	C:\Program Files\Java\jdk-21\bin\instrument.dll
0x00007ff8800f0000 - 0x00007ff88010f000 	C:\Program Files\Java\jdk-21\bin\java.dll
0x00007ff8a37c0000 - 0x00007ff8a4029000 	C:\Windows\System32\SHELL32.dll
0x00007ff89f430000 - 0x00007ff89fd2f000 	C:\Windows\SYSTEM32\windows.storage.dll
0x00007ff89f2f0000 - 0x00007ff89f42f000 	C:\Windows\SYSTEM32\wintypes.dll
0x00007ff8a1f50000 - 0x00007ff8a2049000 	C:\Windows\System32\SHCORE.dll
0x00007ff8a2de0000 - 0x00007ff8a2e3e000 	C:\Windows\System32\shlwapi.dll
0x00007ff8a1430000 - 0x00007ff8a1457000 	C:\Windows\SYSTEM32\profapi.dll
0x00007ff838bd0000 - 0x00007ff838ca7000 	C:\Program Files\Java\jdk-21\bin\jsvml.dll
0x00007ff88d8a0000 - 0x00007ff88d8b0000 	C:\Program Files\Java\jdk-21\bin\net.dll
0x00007ff89e1c0000 - 0x00007ff89e2f6000 	C:\Windows\SYSTEM32\WINHTTP.dll
0x00007ff8a0a60000 - 0x00007ff8a0ac9000 	C:\Windows\system32\mswsock.dll
0x00007ff873770000 - 0x00007ff873786000 	C:\Program Files\Java\jdk-21\bin\nio.dll
0x00007ff872a20000 - 0x00007ff872a38000 	C:\Program Files\Java\jdk-21\bin\zip.dll
0x00007ff8726b0000 - 0x00007ff8726ca000 	C:\Program Files\JetBrains\IntelliJ IDEA 2024.1.4\bin\breakgen64.dll
0x00007ff876bd0000 - 0x00007ff876bd9000 	C:\Program Files\Java\jdk-21\bin\extnet.dll
0x000001bc2c220000 - 0x000001bc2c224000 	C:\Users\Tamir\IdeaProjects\javafx-sdk-22.0.2\bin\api-ms-win-core-console-l1-1-0.dll
0x000001bc2c230000 - 0x000001bc2c234000 	C:\Users\Tamir\IdeaProjects\javafx-sdk-22.0.2\bin\api-ms-win-core-console-l1-2-0.dll
0x000001bc2c240000 - 0x000001bc2c244000 	C:\Users\Tamir\IdeaProjects\javafx-sdk-22.0.2\bin\api-ms-win-core-datetime-l1-1-0.dll
0x000001bc2c250000 - 0x000001bc2c254000 	C:\Users\Tamir\IdeaProjects\javafx-sdk-22.0.2\bin\api-ms-win-core-debug-l1-1-0.dll
0x000001bc2c260000 - 0x000001bc2c264000 	C:\Users\Tamir\IdeaProjects\javafx-sdk-22.0.2\bin\api-ms-win-core-errorhandling-l1-1-0.dll
0x000001bc2c270000 - 0x000001bc2c275000 	C:\Users\Tamir\IdeaProjects\javafx-sdk-22.0.2\bin\api-ms-win-core-file-l1-1-0.dll
0x000001bc2c280000 - 0x000001bc2c284000 	C:\Users\Tamir\IdeaProjects\javafx-sdk-22.0.2\bin\api-ms-win-core-file-l1-2-0.dll
0x000001bc2c290000 - 0x000001bc2c294000 	C:\Users\Tamir\IdeaProjects\javafx-sdk-22.0.2\bin\api-ms-win-core-file-l2-1-0.dll
0x000001bc51fa0000 - 0x000001bc51fa4000 	C:\Users\Tamir\IdeaProjects\javafx-sdk-22.0.2\bin\api-ms-win-core-handle-l1-1-0.dll
0x000001bc51fb0000 - 0x000001bc51fb4000 	C:\Users\Tamir\IdeaProjects\javafx-sdk-22.0.2\bin\api-ms-win-core-heap-l1-1-0.dll
0x000001bc51fc0000 - 0x000001bc51fc4000 	C:\Users\Tamir\IdeaProjects\javafx-sdk-22.0.2\bin\api-ms-win-core-interlocked-l1-1-0.dll
0x000001bc51fd0000 - 0x000001bc51fd4000 	C:\Users\Tamir\IdeaProjects\javafx-sdk-22.0.2\bin\api-ms-win-core-libraryloader-l1-1-0.dll
0x000001bc51fe0000 - 0x000001bc51fe4000 	C:\Users\Tamir\IdeaProjects\javafx-sdk-22.0.2\bin\api-ms-win-core-localization-l1-2-0.dll
0x000001bc51ff0000 - 0x000001bc51ff4000 	C:\Users\Tamir\IdeaProjects\javafx-sdk-22.0.2\bin\api-ms-win-core-memory-l1-1-0.dll
0x000001bc987d0000 - 0x000001bc987d4000 	C:\Users\Tamir\IdeaProjects\javafx-sdk-22.0.2\bin\api-ms-win-core-namedpipe-l1-1-0.dll
0x000001bc987e0000 - 0x000001bc987e4000 	C:\Users\Tamir\IdeaProjects\javafx-sdk-22.0.2\bin\api-ms-win-core-processenvironment-l1-1-0.dll
0x000001bc987f0000 - 0x000001bc987f4000 	C:\Users\Tamir\IdeaProjects\javafx-sdk-22.0.2\bin\api-ms-win-core-processthreads-l1-1-0.dll
0x000001bc98800000 - 0x000001bc98804000 	C:\Users\Tamir\IdeaProjects\javafx-sdk-22.0.2\bin\api-ms-win-core-processthreads-l1-1-1.dll
0x000001bc98810000 - 0x000001bc98814000 	C:\Users\Tamir\IdeaProjects\javafx-sdk-22.0.2\bin\api-ms-win-core-profile-l1-1-0.dll
0x000001bc98820000 - 0x000001bc98824000 	C:\Users\Tamir\IdeaProjects\javafx-sdk-22.0.2\bin\api-ms-win-core-rtlsupport-l1-1-0.dll
0x000001bc98830000 - 0x000001bc98834000 	C:\Users\Tamir\IdeaProjects\javafx-sdk-22.0.2\bin\api-ms-win-core-string-l1-1-0.dll
0x000001bc98840000 - 0x000001bc98844000 	C:\Users\Tamir\IdeaProjects\javafx-sdk-22.0.2\bin\api-ms-win-core-synch-l1-1-0.dll
0x000001bc98850000 - 0x000001bc98854000 	C:\Users\Tamir\IdeaProjects\javafx-sdk-22.0.2\bin\api-ms-win-core-synch-l1-2-0.dll
0x000001bc98860000 - 0x000001bc98864000 	C:\Users\Tamir\IdeaProjects\javafx-sdk-22.0.2\bin\api-ms-win-core-sysinfo-l1-1-0.dll
0x000001bc98870000 - 0x000001bc98874000 	C:\Users\Tamir\IdeaProjects\javafx-sdk-22.0.2\bin\api-ms-win-core-timezone-l1-1-0.dll
0x000001bc98880000 - 0x000001bc98884000 	C:\Users\Tamir\IdeaProjects\javafx-sdk-22.0.2\bin\api-ms-win-core-util-l1-1-0.dll
0x000001bc98890000 - 0x000001bc98894000 	C:\Users\Tamir\IdeaProjects\javafx-sdk-22.0.2\bin\api-ms-win-crt-conio-l1-1-0.dll
0x000001bc988a0000 - 0x000001bc988a5000 	C:\Users\Tamir\IdeaProjects\javafx-sdk-22.0.2\bin\api-ms-win-crt-convert-l1-1-0.dll
0x000001bc988b0000 - 0x000001bc988b4000 	C:\Users\Tamir\IdeaProjects\javafx-sdk-22.0.2\bin\api-ms-win-crt-environment-l1-1-0.dll
0x000001bc988c0000 - 0x000001bc988c4000 	C:\Users\Tamir\IdeaProjects\javafx-sdk-22.0.2\bin\api-ms-win-crt-filesystem-l1-1-0.dll
0x000001bc988d0000 - 0x000001bc988d4000 	C:\Users\Tamir\IdeaProjects\javafx-sdk-22.0.2\bin\api-ms-win-crt-heap-l1-1-0.dll
0x000001bc988e0000 - 0x000001bc988e4000 	C:\Users\Tamir\IdeaProjects\javafx-sdk-22.0.2\bin\api-ms-win-crt-locale-l1-1-0.dll
0x000001bc988f0000 - 0x000001bc988f6000 	C:\Users\Tamir\IdeaProjects\javafx-sdk-22.0.2\bin\api-ms-win-crt-math-l1-1-0.dll
0x000001bc98900000 - 0x000001bc98906000 	C:\Users\Tamir\IdeaProjects\javafx-sdk-22.0.2\bin\api-ms-win-crt-multibyte-l1-1-0.dll
0x000001bc98910000 - 0x000001bc98921000 	C:\Users\Tamir\IdeaProjects\javafx-sdk-22.0.2\bin\api-ms-win-crt-private-l1-1-0.dll
0x000001bc98930000 - 0x000001bc98934000 	C:\Users\Tamir\IdeaProjects\javafx-sdk-22.0.2\bin\api-ms-win-crt-process-l1-1-0.dll
0x000001bc98940000 - 0x000001bc98945000 	C:\Users\Tamir\IdeaProjects\javafx-sdk-22.0.2\bin\api-ms-win-crt-runtime-l1-1-0.dll
0x000001bc98950000 - 0x000001bc98955000 	C:\Users\Tamir\IdeaProjects\javafx-sdk-22.0.2\bin\api-ms-win-crt-stdio-l1-1-0.dll
0x000001bc98960000 - 0x000001bc98965000 	C:\Users\Tamir\IdeaProjects\javafx-sdk-22.0.2\bin\api-ms-win-crt-string-l1-1-0.dll
0x000001bc98970000 - 0x000001bc98974000 	C:\Users\Tamir\IdeaProjects\javafx-sdk-22.0.2\bin\api-ms-win-crt-time-l1-1-0.dll
0x000001bc98980000 - 0x000001bc98984000 	C:\Users\Tamir\IdeaProjects\javafx-sdk-22.0.2\bin\api-ms-win-crt-utility-l1-1-0.dll
0x00007ff838960000 - 0x00007ff838a71000 	C:\Users\Tamir\IdeaProjects\javafx-sdk-22.0.2\bin\ucrtbase.dll
0x00007ff86fbc0000 - 0x00007ff86fbdb000 	C:\Users\Tamir\IdeaProjects\javafx-sdk-22.0.2\bin\vcruntime140.dll
0x00007ff875650000 - 0x00007ff87565c000 	C:\Users\Tamir\IdeaProjects\javafx-sdk-22.0.2\bin\vcruntime140_1.dll
0x00007ff836e60000 - 0x00007ff836eee000 	C:\Users\Tamir\IdeaProjects\javafx-sdk-22.0.2\bin\msvcp140.dll
0x00007ff8750f0000 - 0x00007ff8750f9000 	C:\Users\Tamir\IdeaProjects\javafx-sdk-22.0.2\bin\msvcp140_1.dll
0x00007ff86b200000 - 0x00007ff86b241000 	C:\Users\Tamir\IdeaProjects\javafx-sdk-22.0.2\bin\msvcp140_2.dll
0x00007ff86f570000 - 0x00007ff86f5a0000 	C:\Users\Tamir\IdeaProjects\javafx-sdk-22.0.2\bin\prism_d3d.dll
0x00007ff840f60000 - 0x00007ff841108000 	C:\Windows\system32\d3d9.dll
0x00007ff89ebc0000 - 0x00007ff89ebeb000 	C:\Windows\SYSTEM32\dwmapi.dll
0x00007ff89ec30000 - 0x00007ff89ec67000 	C:\Windows\SYSTEM32\dxcore.dll
0x00007ff89e970000 - 0x00007ff89ea21000 	C:\Windows\system32\uxtheme.dll
0x00007ff8926c0000 - 0x00007ff892784000 	C:\Windows\System32\DriverStore\FileRepository\nv_dispi.inf_amd64_ea7f458f0e49497d\nvldumdx.dll
0x00007ff8a11a0000 - 0x00007ff8a11b2000 	C:\Windows\SYSTEM32\msasn1.dll
0x00007ff89daa0000 - 0x00007ff89dad2000 	C:\Windows\SYSTEM32\cryptnet.dll
0x00007ff8a1620000 - 0x00007ff8a1786000 	C:\Windows\System32\CRYPT32.dll
0x00007ff8a0cb0000 - 0x00007ff8a0cbc000 	C:\Windows\SYSTEM32\cryptbase.dll
0x00007ff8a0db0000 - 0x00007ff8a0df9000 	C:\Windows\SYSTEM32\wldp.dll
0x00007ff89d8f0000 - 0x00007ff89da52000 	C:\Windows\SYSTEM32\drvstore.dll
0x00007ff8a11c0000 - 0x00007ff8a11ec000 	C:\Windows\SYSTEM32\devobj.dll
0x00007ff8a11f0000 - 0x00007ff8a123e000 	C:\Windows\SYSTEM32\cfgmgr32.dll
0x00007ff8a18b0000 - 0x00007ff8a191c000 	C:\Windows\System32\wintrust.dll
0x00007ff8a2ff0000 - 0x00007ff8a300f000 	C:\Windows\System32\imagehlp.dll
0x00007ff8a0c90000 - 0x00007ff8a0cab000 	C:\Windows\SYSTEM32\CRYPTSP.dll
0x00007ff8a0580000 - 0x00007ff8a05b5000 	C:\Windows\system32\rsaenh.dll
0x00007ff88eb60000 - 0x00007ff891870000 	C:\Windows\System32\DriverStore\FileRepository\nv_dispi.inf_amd64_ea7f458f0e49497d\nvgpucomp64.dll
0x00007ff8a2e40000 - 0x00007ff8a2fe5000 	C:\Windows\System32\ole32.dll
0x00007fffef070000 - 0x00007ffff0dfc000 	C:\Windows\System32\DriverStore\FileRepository\nv_dispi.inf_amd64_ea7f458f0e49497d\nvd3dumx.dll
0x00007ff8997c0000 - 0x00007ff899809000 	C:\Windows\SYSTEM32\directxdatabasehelper.dll
0x00007ff866ad0000 - 0x00007ff866b15000 	C:\Users\Tamir\IdeaProjects\javafx-sdk-22.0.2\bin\glass.dll
0x00007ff8a28c0000 - 0x00007ff8a29bf000 	C:\Windows\System32\COMDLG32.dll
0x00007ff8a21d0000 - 0x00007ff8a2330000 	C:\Windows\System32\MSCTF.dll
0x00007ff860520000 - 0x00007ff8607f0000 	C:\Windows\system32\nvspcap64.dll
0x00007ff8a0710000 - 0x00007ff8a0744000 	C:\Windows\SYSTEM32\ntmarta.dll
0x00007ff8a0ad0000 - 0x00007ff8a0af6000 	C:\Windows\SYSTEM32\gpapi.dll
0x00007ff85bac0000 - 0x00007ff85bc15000 	C:\Windows\System32\DriverStore\FileRepository\nv_dispi.inf_amd64_ea7f458f0e49497d\nvppex.dll
0x00007ff8a2120000 - 0x00007ff8a21d0000 	C:\Windows\System32\clbcatq.dll
0x00007ff87ea20000 - 0x00007ff87eb99000 	C:\Windows\System32\Windows.UI.dll

dbghelp: loaded successfully - version: 4.0.5 - missing functions: none
symbol engine: initialized successfully - sym options: 0x614 - pdb path: .;C:\Program Files\Java\jdk-21\bin;C:\Windows\SYSTEM32;C:\Windows\WinSxS\amd64_microsoft.windows.common-controls_6595b64144ccf1df_6.0.22621.3672_none_2713b9d173822955;C:\Program Files\Java\jdk-21\bin\server;C:\Program Files\JetBrains\IntelliJ IDEA 2024.1.4\bin;C:\Users\Tamir\IdeaProjects\javafx-sdk-22.0.2\bin;C:\Windows\System32\DriverStore\FileRepository\nv_dispi.inf_amd64_ea7f458f0e49497d;C:\Program Files\Common Files\Microsoft Shared\Ink

VM Arguments:
jvm_args: --module-path=C:\Users\Tamir\IdeaProjects\javafx-sdk-22.0.2\lib --add-modules=javafx.controls,javafx.fxml -javaagent:C:\Program Files\JetBrains\IntelliJ IDEA 2024.1.4\lib\idea_rt.jar=49796:C:\Program Files\JetBrains\IntelliJ IDEA 2024.1.4\bin -Dfile.encoding=UTF-8 -Dsun.stdout.encoding=UTF-8 -Dsun.stderr.encoding=UTF-8 
java_command: shticell.client.main.ShticellClientMain
java_class_path (initial): C:\Users\Tamir\IdeaProjects\Shticell\out\production\ShticellClient;C:\Users\Tamir\IdeaProjects\Shticell\out\production\DTO;C:\Users\Tamir\IdeaProjects\okhttp\okio-2.8.0.jar;C:\Users\Tamir\IdeaProjects\okhttp\okhttp-4.9.1.jar;C:\Users\Tamir\IdeaProjects\okhttp\annotations-13.0.jar;C:\Users\Tamir\IdeaProjects\okhttp\kotlin-stdlib-1.4.10.jar;C:\Users\Tamir\IdeaProjects\okhttp\kotlin-stdlib-common-1.4.10.jar;C:\Users\Tamir\IdeaProjects\javafx-sdk-22.0.2\lib\javafx-swt.jar;C:\Users\Tamir\IdeaProjects\javafx-sdk-22.0.2\lib\javafx.web.jar;C:\Users\Tamir\IdeaProjects\javafx-sdk-22.0.2\lib\javafx.base.jar;C:\Users\Tamir\IdeaProjects\javafx-sdk-22.0.2\lib\javafx.fxml.jar;C:\Users\Tamir\IdeaProjects\javafx-sdk-22.0.2\lib\javafx.media.jar;C:\Users\Tamir\IdeaProjects\javafx-sdk-22.0.2\lib\javafx.swing.jar;C:\Users\Tamir\IdeaProjects\javafx-sdk-22.0.2\lib\javafx.controls.jar;C:\Users\Tamir\IdeaProjects\javafx-sdk-22.0.2\lib\javafx.graphics.jar;C:\Users\Tamir\IdeaProjects\Gson\gson-2.1.jar;C:\Users\Tamir\IdeaProjects\Gson\gson-2.1-javadoc.jar;C:\Users\Tamir\IdeaProjects\Gson\gson-2.1-sources.jar
Launcher Type: SUN_STANDARD

[Global flags]
     intx CICompilerCount                          = 12                                        {product} {ergonomic}
     uint ConcGCThreads                            = 5                                         {product} {ergonomic}
     uint G1ConcRefinementThreads                  = 18                                        {product} {ergonomic}
   size_t G1HeapRegionSize                         = 4194304                                   {product} {ergonomic}
    uintx GCDrainStackTargetSize                   = 64                                        {product} {ergonomic}
   size_t InitialHeapSize                          = 536870912                                 {product} {ergonomic}
   size_t MarkStackSize                            = 4194304                                   {product} {ergonomic}
   size_t MaxHeapSize                              = 8531214336                                {product} {ergonomic}
   size_t MaxNewSize                               = 5117050880                                {product} {ergonomic}
   size_t MinHeapDeltaBytes                        = 4194304                                   {product} {ergonomic}
   size_t MinHeapSize                              = 8388608                                   {product} {ergonomic}
    uintx NonNMethodCodeHeapSize                   = 7602480                                {pd product} {ergonomic}
    uintx NonProfiledCodeHeapSize                  = 122027880                              {pd product} {ergonomic}
    uintx ProfiledCodeHeapSize                     = 122027880                              {pd product} {ergonomic}
    uintx ReservedCodeCacheSize                    = 251658240                              {pd product} {ergonomic}
     bool SegmentedCodeCache                       = true                                      {product} {ergonomic}
   size_t SoftMaxHeapSize                          = 8531214336                             {manageable} {ergonomic}
     bool UseCompressedOops                        = true                           {product lp64_product} {ergonomic}
     bool UseG1GC                                  = true                                      {product} {ergonomic}
     bool UseLargePagesIndividualAllocation        = false                                  {pd product} {ergonomic}

Logging:
Log output configuration:
 #0: stdout all=warning uptime,level,tags foldmultilines=false
 #1: stderr all=off uptime,level,tags foldmultilines=false

Environment Variables:
JAVA_HOME=C:\Program Files\Java\jdk-21
PATH=C:\Program Files\Common Files\Oracle\Java\javapath;C:\Python312\Scripts\;C:\Python312\;C:\Program Files (x86)\Common Files\Oracle\Java\javapath;C:\Windows\system32;C:\Windows;C:\Windows\System32\Wbem;C:\Windows\System32\WindowsPowerShell\v1.0\;C:\Windows\System32\OpenSSH\;C:\Program Files\NVIDIA Corporation\NVIDIA NvDLISR;C:\Program Files (x86)\NVIDIA Corporation\PhysX\Common;C:\Program Files\Git\cmd;C:\Program Files\nodejs\;C:\ProgramData\chocolatey\bin;C:\Program Files\Docker\Docker\resources\bin;C:\Program Files\Java\jdk-21\bin;C:\Program Files\dotnet\;C:\Users\Tamir\AppData\Local\Programs\Python\Python310\Scripts\;C:\Users\Tamir\AppData\Local\Programs\Python\Python310\;C:\Users\Tamir\AppData\Local\Programs\Python\Launcher\;C:\Users\Tamir\AppData\Local\Microsoft\WindowsApps;C:\Users\Tamir\AppData\Roaming\npm
USERNAME=Tamir
OS=Windows_NT
PROCESSOR_IDENTIFIER=Intel64 Family 6 Model 183 Stepping 1, GenuineIntel
TMP=C:\Users\Tamir\AppData\Local\Temp
TEMP=C:\Users\Tamir\AppData\Local\Temp




Periodic native trim disabled

---------------  S Y S T E M  ---------------

OS:
 Windows 11 , 64 bit Build 22621 (10.0.22621.3958)
OS uptime: 8 days 2:05 hours
Hyper-V role detected

CPU: total 24 (initial active 24) (12 cores per cpu, 2 threads per core) family 6 model 183 stepping 1 microcode 0x10f, cx8, cmov, fxsr, ht, mmx, 3dnowpref, sse, sse2, sse3, ssse3, sse4.1, sse4.2, popcnt, lzcnt, tsc, tscinvbit, avx, avx2, aes, erms, clmul, bmi1, bmi2, adx, sha, fma, vzeroupper, clflush, clflushopt, clwb, hv, serialize, rdtscp, rdpid, fsrm, f16c, cet_ibt, cet_ss
Processor Information for all 24 processors :
  Max Mhz: 3400, Current Mhz: 3400, Mhz Limit: 3400

Memory: 4k page, system-wide physical 32536M (20166M free)
TotalPageFile size 38168M (AvailPageFile size 20251M)
current process WorkingSet (physical memory assigned to process): 195M, peak: 222M
current process commit charge ("private bytes"): 327M, peak: 759M

vm_info: Java HotSpot(TM) 64-Bit Server VM (21.0.4+8-LTS-274) for windows-amd64 JRE (21.0.4+8-LTS-274), built on 2024-06-05T05:23:33Z by "mach5one" with MS VC++ 17.6 (VS2022)

END.
